mode: set
github.com/infktd/devdash/main.go:15.13,18.16 2 0
github.com/infktd/devdash/main.go:18.16,21.3 2 0
github.com/infktd/devdash/main.go:24.2,25.16 2 0
github.com/infktd/devdash/main.go:25.16,28.3 2 0
github.com/infktd/devdash/main.go:31.2,31.31 1 0
github.com/infktd/devdash/main.go:31.31,33.17 2 0
github.com/infktd/devdash/main.go:33.17,35.4 1 0
github.com/infktd/devdash/main.go:36.3,36.33 1 0
github.com/infktd/devdash/main.go:36.33,38.4 1 0
github.com/infktd/devdash/main.go:40.3,40.61 1 0
github.com/infktd/devdash/main.go:40.61,42.4 1 0
github.com/infktd/devdash/main.go:46.2,51.35 2 0
github.com/infktd/devdash/main.go:51.35,54.3 2 0
github.com/infktd/devdash/internal/compose/client.go:21.43,26.75 1 1
github.com/infktd/devdash/internal/compose/client.go:26.75,28.6 1 1
github.com/infktd/devdash/internal/compose/client.go:36.34,38.16 2 1
github.com/infktd/devdash/internal/compose/client.go:38.16,41.3 2 1
github.com/infktd/devdash/internal/compose/client.go:42.2,44.12 3 1
github.com/infktd/devdash/internal/compose/client.go:48.37,50.2 1 1
github.com/infktd/devdash/internal/compose/client.go:53.54,55.16 2 1
github.com/infktd/devdash/internal/compose/client.go:55.16,57.3 1 0
github.com/infktd/devdash/internal/compose/client.go:58.2,60.38 2 1
github.com/infktd/devdash/internal/compose/client.go:60.38,62.3 1 0
github.com/infktd/devdash/internal/compose/client.go:64.2,65.68 2 1
github.com/infktd/devdash/internal/compose/client.go:65.68,67.3 1 0
github.com/infktd/devdash/internal/compose/client.go:69.2,69.53 1 1
github.com/infktd/devdash/internal/compose/client.go:73.50,76.16 3 1
github.com/infktd/devdash/internal/compose/client.go:76.16,78.3 1 0
github.com/infktd/devdash/internal/compose/client.go:79.2,81.38 2 1
github.com/infktd/devdash/internal/compose/client.go:81.38,83.3 1 0
github.com/infktd/devdash/internal/compose/client.go:84.2,84.12 1 1
github.com/infktd/devdash/internal/compose/client.go:88.49,91.16 3 1
github.com/infktd/devdash/internal/compose/client.go:91.16,93.3 1 0
github.com/infktd/devdash/internal/compose/client.go:94.2,96.38 2 1
github.com/infktd/devdash/internal/compose/client.go:96.38,98.3 1 0
github.com/infktd/devdash/internal/compose/client.go:99.2,99.12 1 1
github.com/infktd/devdash/internal/compose/client.go:103.52,106.16 3 1
github.com/infktd/devdash/internal/compose/client.go:106.16,108.3 1 0
github.com/infktd/devdash/internal/compose/client.go:109.2,111.38 2 1
github.com/infktd/devdash/internal/compose/client.go:111.38,113.3 1 0
github.com/infktd/devdash/internal/compose/client.go:114.2,114.12 1 1
github.com/infktd/devdash/internal/compose/client.go:118.42,120.16 2 1
github.com/infktd/devdash/internal/compose/client.go:120.16,122.3 1 0
github.com/infktd/devdash/internal/compose/client.go:123.2,125.38 2 1
github.com/infktd/devdash/internal/compose/client.go:125.38,127.3 1 0
github.com/infktd/devdash/internal/compose/client.go:128.2,128.12 1 1
github.com/infktd/devdash/internal/compose/client.go:133.86,136.16 3 1
github.com/infktd/devdash/internal/compose/client.go:136.16,138.3 1 0
github.com/infktd/devdash/internal/compose/client.go:139.2,141.38 2 1
github.com/infktd/devdash/internal/compose/client.go:141.38,143.3 1 0
github.com/infktd/devdash/internal/compose/client.go:145.2,146.69 2 1
github.com/infktd/devdash/internal/compose/client.go:146.69,148.3 1 0
github.com/infktd/devdash/internal/compose/client.go:150.2,150.27 1 1
github.com/infktd/devdash/internal/packages/scanner.go:29.62,35.29 3 1
github.com/infktd/devdash/internal/packages/scanner.go:35.29,36.42 1 1
github.com/infktd/devdash/internal/packages/scanner.go:36.42,38.9 2 1
github.com/infktd/devdash/internal/packages/scanner.go:42.2,42.26 1 1
github.com/infktd/devdash/internal/packages/scanner.go:42.26,44.3 1 1
github.com/infktd/devdash/internal/packages/scanner.go:47.2,49.22 2 1
github.com/infktd/devdash/internal/packages/scanner.go:49.22,52.25 2 1
github.com/infktd/devdash/internal/packages/scanner.go:52.25,54.4 1 0
github.com/infktd/devdash/internal/packages/scanner.go:55.3,55.32 1 1
github.com/infktd/devdash/internal/packages/scanner.go:58.2,62.28 4 1
github.com/infktd/devdash/internal/packages/scanner.go:75.44,84.32 2 1
github.com/infktd/devdash/internal/packages/scanner.go:84.32,86.3 1 1
github.com/infktd/devdash/internal/packages/scanner.go:89.2,97.25 1 1
github.com/infktd/devdash/internal/packages/scanner.go:97.25,99.3 1 1
github.com/infktd/devdash/internal/packages/scanner.go:102.2,107.23 1 1
github.com/infktd/devdash/internal/packages/scanner.go:107.23,109.3 1 1
github.com/infktd/devdash/internal/packages/scanner.go:112.2,115.26 1 1
github.com/infktd/devdash/internal/packages/scanner.go:115.26,117.3 1 1
github.com/infktd/devdash/internal/packages/scanner.go:120.2,125.24 1 1
github.com/infktd/devdash/internal/packages/scanner.go:125.24,127.3 1 1
github.com/infktd/devdash/internal/packages/scanner.go:130.2,134.23 1 1
github.com/infktd/devdash/internal/packages/scanner.go:134.23,136.3 1 1
github.com/infktd/devdash/internal/packages/scanner.go:139.2,143.25 1 1
github.com/infktd/devdash/internal/packages/scanner.go:143.25,145.3 1 1
github.com/infktd/devdash/internal/packages/scanner.go:147.2,147.16 1 1
github.com/infktd/devdash/internal/packages/scanner.go:160.50,164.51 2 1
github.com/infktd/devdash/internal/packages/scanner.go:164.51,166.3 1 1
github.com/infktd/devdash/internal/packages/scanner.go:168.2,171.84 2 1
github.com/infktd/devdash/internal/packages/scanner.go:171.84,172.17 1 1
github.com/infktd/devdash/internal/packages/scanner.go:172.17,174.4 1 0
github.com/infktd/devdash/internal/packages/scanner.go:177.3,177.16 1 1
github.com/infktd/devdash/internal/packages/scanner.go:177.16,179.4 1 1
github.com/infktd/devdash/internal/packages/scanner.go:182.3,183.17 2 1
github.com/infktd/devdash/internal/packages/scanner.go:183.17,186.4 1 1
github.com/infktd/devdash/internal/packages/scanner.go:189.3,190.17 2 1
github.com/infktd/devdash/internal/packages/scanner.go:190.17,193.4 1 1
github.com/infktd/devdash/internal/packages/scanner.go:195.3,202.13 2 0
github.com/infktd/devdash/internal/packages/scanner.go:205.2,205.16 1 1
github.com/infktd/devdash/internal/packages/scanner.go:205.16,207.3 1 0
github.com/infktd/devdash/internal/packages/scanner.go:210.2,212.22 2 1
github.com/infktd/devdash/internal/packages/scanner.go:217.54,222.31 2 1
github.com/infktd/devdash/internal/packages/scanner.go:222.31,227.45 2 1
github.com/infktd/devdash/internal/packages/scanner.go:227.45,229.12 1 1
github.com/infktd/devdash/internal/packages/scanner.go:233.3,238.4 1 1
github.com/infktd/devdash/internal/packages/scanner.go:242.2,243.33 2 1
github.com/infktd/devdash/internal/packages/scanner.go:243.33,245.3 1 1
github.com/infktd/devdash/internal/packages/scanner.go:247.2,247.17 1 1
github.com/infktd/devdash/internal/health/monitor.go:18.36,19.11 1 1
github.com/infktd/devdash/internal/health/monitor.go:20.27,21.19 1 1
github.com/infktd/devdash/internal/health/monitor.go:22.29,23.21 1 1
github.com/infktd/devdash/internal/health/monitor.go:24.27,25.19 1 1
github.com/infktd/devdash/internal/health/monitor.go:26.27,27.19 1 1
github.com/infktd/devdash/internal/health/monitor.go:28.10,29.19 1 0
github.com/infktd/devdash/internal/health/monitor.go:60.50,67.2 1 1
github.com/infktd/devdash/internal/health/monitor.go:70.41,72.2 1 1
github.com/infktd/devdash/internal/health/monitor.go:75.42,77.2 1 1
github.com/infktd/devdash/internal/health/monitor.go:81.93,95.13 7 1
github.com/infktd/devdash/internal/health/monitor.go:95.13,97.14 1 1
github.com/infktd/devdash/internal/health/monitor.go:97.14,105.11 2 1
github.com/infktd/devdash/internal/health/monitor.go:106.27,106.27 0 1
github.com/infktd/devdash/internal/health/monitor.go:107.12,107.12 0 0
github.com/infktd/devdash/internal/health/monitor.go:109.4,109.17 1 1
github.com/infktd/devdash/internal/health/monitor.go:111.3,111.13 1 0
github.com/infktd/devdash/internal/health/monitor.go:115.2,116.30 2 1
github.com/infktd/devdash/internal/health/monitor.go:116.30,118.20 1 1
github.com/infktd/devdash/internal/health/monitor.go:118.20,126.4 1 1
github.com/infktd/devdash/internal/health/monitor.go:126.9,133.4 1 1
github.com/infktd/devdash/internal/health/monitor.go:134.8,134.37 1 1
github.com/infktd/devdash/internal/health/monitor.go:134.37,142.3 1 1
github.com/infktd/devdash/internal/health/monitor.go:144.2,144.18 1 1
github.com/infktd/devdash/internal/health/monitor.go:144.18,146.10 1 1
github.com/infktd/devdash/internal/health/monitor.go:147.27,147.27 0 1
github.com/infktd/devdash/internal/health/monitor.go:148.11,148.11 0 0
github.com/infktd/devdash/internal/health/monitor.go:152.2,152.14 1 1
github.com/infktd/devdash/internal/health/monitor.go:156.74,161.2 4 1
github.com/infktd/devdash/internal/health/monitor.go:164.33,168.2 3 1
github.com/infktd/devdash/internal/health/monitor.go:171.27,174.2 2 1
github.com/infktd/devdash/internal/config/config.go:17.20,19.22 2 1
github.com/infktd/devdash/internal/config/config.go:19.22,22.3 2 1
github.com/infktd/devdash/internal/config/config.go:23.2,23.57 1 1
github.com/infktd/devdash/internal/config/config.go:27.41,29.24 2 1
github.com/infktd/devdash/internal/config/config.go:29.24,31.41 2 1
github.com/infktd/devdash/internal/config/config.go:31.41,33.4 1 0
github.com/infktd/devdash/internal/config/config.go:34.3,34.18 1 1
github.com/infktd/devdash/internal/config/config.go:36.2,36.16 1 1
github.com/infktd/devdash/internal/config/config.go:36.16,38.3 1 0
github.com/infktd/devdash/internal/config/config.go:40.2,41.50 2 1
github.com/infktd/devdash/internal/config/config.go:41.50,43.3 1 0
github.com/infktd/devdash/internal/config/config.go:44.2,44.17 1 1
github.com/infktd/devdash/internal/config/config.go:48.43,50.47 2 1
github.com/infktd/devdash/internal/config/config.go:50.47,52.3 1 0
github.com/infktd/devdash/internal/config/config.go:54.2,55.16 2 1
github.com/infktd/devdash/internal/config/config.go:55.16,57.3 1 0
github.com/infktd/devdash/internal/config/config.go:59.2,59.39 1 1
github.com/infktd/devdash/internal/config/types.go:55.24,58.16 3 1
github.com/infktd/devdash/internal/config/types.go:58.16,63.3 1 1
github.com/infktd/devdash/internal/config/types.go:64.2,87.3 1 1
github.com/infktd/devdash/internal/registry/registry.go:22.20,24.22 2 1
github.com/infktd/devdash/internal/registry/registry.go:24.22,26.17 2 1
github.com/infktd/devdash/internal/registry/registry.go:26.17,29.4 1 0
github.com/infktd/devdash/internal/registry/registry.go:29.9,31.4 1 1
github.com/infktd/devdash/internal/registry/registry.go:33.2,33.61 1 1
github.com/infktd/devdash/internal/registry/registry.go:37.43,39.24 2 1
github.com/infktd/devdash/internal/registry/registry.go:39.24,41.3 1 1
github.com/infktd/devdash/internal/registry/registry.go:42.2,42.16 1 1
github.com/infktd/devdash/internal/registry/registry.go:42.16,44.3 1 0
github.com/infktd/devdash/internal/registry/registry.go:46.2,47.51 2 1
github.com/infktd/devdash/internal/registry/registry.go:47.51,49.3 1 1
github.com/infktd/devdash/internal/registry/registry.go:50.2,50.18 1 1
github.com/infktd/devdash/internal/registry/registry.go:54.45,56.47 2 1
github.com/infktd/devdash/internal/registry/registry.go:56.47,58.3 1 0
github.com/infktd/devdash/internal/registry/registry.go:60.2,61.16 2 1
github.com/infktd/devdash/internal/registry/registry.go:61.16,63.3 1 0
github.com/infktd/devdash/internal/registry/registry.go:65.2,65.39 1 1
github.com/infktd/devdash/internal/registry/registry.go:69.53,70.31 1 1
github.com/infktd/devdash/internal/registry/registry.go:70.31,71.21 1 1
github.com/infktd/devdash/internal/registry/registry.go:71.21,73.4 1 1
github.com/infktd/devdash/internal/registry/registry.go:75.2,77.10 3 1
github.com/infktd/devdash/internal/registry/registry.go:81.53,82.31 1 1
github.com/infktd/devdash/internal/registry/registry.go:82.31,83.21 1 1
github.com/infktd/devdash/internal/registry/registry.go:83.21,85.4 1 1
github.com/infktd/devdash/internal/registry/registry.go:87.2,87.12 1 1
github.com/infktd/devdash/internal/registry/registry.go:91.52,92.31 1 1
github.com/infktd/devdash/internal/registry/registry.go:92.31,93.21 1 1
github.com/infktd/devdash/internal/registry/registry.go:93.21,96.4 2 1
github.com/infktd/devdash/internal/registry/registry.go:98.2,98.14 1 1
github.com/infktd/devdash/internal/registry/registry.go:102.51,104.14 2 1
github.com/infktd/devdash/internal/registry/registry.go:104.14,107.3 2 1
github.com/infktd/devdash/internal/registry/registry.go:108.2,108.14 1 1
github.com/infktd/devdash/internal/registry/types.go:25.39,26.11 1 1
github.com/infktd/devdash/internal/registry/types.go:27.17,28.16 1 1
github.com/infktd/devdash/internal/registry/types.go:29.20,30.19 1 1
github.com/infktd/devdash/internal/registry/types.go:31.21,32.20 1 1
github.com/infktd/devdash/internal/registry/types.go:33.18,34.17 1 1
github.com/infktd/devdash/internal/registry/types.go:35.20,36.19 1 1
github.com/infktd/devdash/internal/registry/types.go:37.10,38.19 1 1
github.com/infktd/devdash/internal/registry/types.go:52.39,64.2 3 1
github.com/infktd/devdash/internal/registry/types.go:68.39,70.2 1 1
github.com/infktd/devdash/internal/registry/types.go:73.46,75.51 1 1
github.com/infktd/devdash/internal/registry/types.go:75.51,77.3 1 1
github.com/infktd/devdash/internal/registry/types.go:79.2,83.16 3 1
github.com/infktd/devdash/internal/registry/types.go:83.16,87.3 2 0
github.com/infktd/devdash/internal/registry/types.go:90.2,90.47 1 1
github.com/infktd/devdash/internal/registry/types.go:90.47,92.3 1 0
github.com/infktd/devdash/internal/registry/types.go:94.2,94.18 1 1
github.com/infktd/devdash/internal/registry/types.go:98.53,100.41 2 0
github.com/infktd/devdash/internal/registry/types.go:100.41,103.3 1 0
github.com/infktd/devdash/internal/registry/types.go:105.2,106.16 2 0
github.com/infktd/devdash/internal/registry/types.go:106.16,109.3 1 0
github.com/infktd/devdash/internal/registry/types.go:112.2,115.40 3 0
github.com/infktd/devdash/internal/registry/types.go:115.40,116.21 1 0
github.com/infktd/devdash/internal/registry/types.go:116.21,118.4 1 0
github.com/infktd/devdash/internal/registry/types.go:122.2,122.21 1 0
github.com/infktd/devdash/internal/registry/types.go:122.21,124.3 1 0
github.com/infktd/devdash/internal/registry/types.go:127.2,127.32 1 0
github.com/infktd/devdash/internal/registry/types.go:127.32,129.3 1 0
github.com/infktd/devdash/internal/registry/types.go:132.2,132.22 1 0
github.com/infktd/devdash/internal/registry/types.go:132.22,134.3 1 0
github.com/infktd/devdash/internal/registry/types.go:137.2,137.19 1 0
github.com/infktd/devdash/internal/registry/types.go:141.34,145.45 2 0
github.com/infktd/devdash/internal/registry/types.go:145.45,147.3 1 0
github.com/infktd/devdash/internal/registry/types.go:149.2,149.12 1 0
github.com/infktd/devdash/internal/notify/notify.go:15.42,17.2 1 1
github.com/infktd/devdash/internal/notify/notify.go:20.45,22.2 1 1
github.com/infktd/devdash/internal/notify/notify.go:25.37,27.2 1 1
github.com/infktd/devdash/internal/notify/notify.go:30.80,31.16 1 1
github.com/infktd/devdash/internal/notify/notify.go:31.16,33.3 1 1
github.com/infktd/devdash/internal/notify/notify.go:34.2,36.37 3 1
github.com/infktd/devdash/internal/notify/notify.go:40.68,41.16 1 1
github.com/infktd/devdash/internal/notify/notify.go:41.16,43.3 1 1
github.com/infktd/devdash/internal/notify/notify.go:44.2,46.38 3 1
github.com/infktd/devdash/internal/notify/notify.go:50.57,51.16 1 1
github.com/infktd/devdash/internal/notify/notify.go:51.16,53.3 1 1
github.com/infktd/devdash/internal/notify/notify.go:54.2,56.38 3 1
github.com/infktd/devdash/internal/notify/notify.go:60.57,61.16 1 1
github.com/infktd/devdash/internal/notify/notify.go:61.16,63.3 1 1
github.com/infktd/devdash/internal/notify/notify.go:64.2,66.38 3 1
github.com/infktd/devdash/internal/notify/notify.go:70.58,71.16 1 1
github.com/infktd/devdash/internal/notify/notify.go:71.16,73.3 1 1
github.com/infktd/devdash/internal/notify/notify.go:74.2,74.40 1 1
github.com/infktd/devdash/internal/notify/notify.go:78.54,79.16 1 1
github.com/infktd/devdash/internal/notify/notify.go:79.16,81.3 1 1
github.com/infktd/devdash/internal/notify/notify.go:82.2,82.41 1 1
github.com/infktd/devdash/internal/scanner/scanner.go:25.59,29.29 3 1
github.com/infktd/devdash/internal/scanner/scanner.go:29.29,31.36 1 1
github.com/infktd/devdash/internal/scanner/scanner.go:31.36,33.18 2 0
github.com/infktd/devdash/internal/scanner/scanner.go:33.18,34.13 1 0
github.com/infktd/devdash/internal/scanner/scanner.go:36.4,36.40 1 0
github.com/infktd/devdash/internal/scanner/scanner.go:39.3,39.83 1 1
github.com/infktd/devdash/internal/scanner/scanner.go:39.83,40.18 1 1
github.com/infktd/devdash/internal/scanner/scanner.go:40.18,42.5 1 0
github.com/infktd/devdash/internal/scanner/scanner.go:45.4,46.18 2 1
github.com/infktd/devdash/internal/scanner/scanner.go:46.18,48.5 1 0
github.com/infktd/devdash/internal/scanner/scanner.go:49.4,50.18 2 1
github.com/infktd/devdash/internal/scanner/scanner.go:50.18,52.5 1 1
github.com/infktd/devdash/internal/scanner/scanner.go:55.4,55.17 1 1
github.com/infktd/devdash/internal/scanner/scanner.go:55.17,56.25 1 1
github.com/infktd/devdash/internal/scanner/scanner.go:56.25,58.6 1 1
github.com/infktd/devdash/internal/scanner/scanner.go:60.5,60.31 1 1
github.com/infktd/devdash/internal/scanner/scanner.go:60.31,62.6 1 1
github.com/infktd/devdash/internal/scanner/scanner.go:63.5,63.15 1 1
github.com/infktd/devdash/internal/scanner/scanner.go:67.4,68.30 2 1
github.com/infktd/devdash/internal/scanner/scanner.go:68.30,70.5 1 0
github.com/infktd/devdash/internal/scanner/scanner.go:73.4,73.32 1 1
github.com/infktd/devdash/internal/scanner/scanner.go:73.32,75.27 2 1
github.com/infktd/devdash/internal/scanner/scanner.go:75.27,78.6 2 1
github.com/infktd/devdash/internal/scanner/scanner.go:81.4,81.14 1 1
github.com/infktd/devdash/internal/scanner/scanner.go:83.3,83.17 1 1
github.com/infktd/devdash/internal/scanner/scanner.go:83.17,85.4 1 0
github.com/infktd/devdash/internal/scanner/scanner.go:88.2,88.22 1 1
github.com/infktd/devdash/internal/ui/alerthistory.go:21.36,22.11 1 1
github.com/infktd/devdash/internal/ui/alerthistory.go:23.27,24.19 1 1
github.com/infktd/devdash/internal/ui/alerthistory.go:25.29,26.21 1 1
github.com/infktd/devdash/internal/ui/alerthistory.go:27.27,28.19 1 1
github.com/infktd/devdash/internal/ui/alerthistory.go:29.27,30.19 1 1
github.com/infktd/devdash/internal/ui/alerthistory.go:31.21,32.20 1 1
github.com/infktd/devdash/internal/ui/alerthistory.go:33.17,34.16 1 1
github.com/infktd/devdash/internal/ui/alerthistory.go:35.10,36.19 1 0
github.com/infktd/devdash/internal/ui/alerthistory.go:57.50,62.2 1 1
github.com/infktd/devdash/internal/ui/alerthistory.go:65.41,69.33 3 1
github.com/infktd/devdash/internal/ui/alerthistory.go:69.33,72.3 1 1
github.com/infktd/devdash/internal/ui/alerthistory.go:73.2,73.36 1 1
github.com/infktd/devdash/internal/ui/alerthistory.go:77.81,85.2 1 1
github.com/infktd/devdash/internal/ui/alerthistory.go:88.69,96.2 1 1
github.com/infktd/devdash/internal/ui/alerthistory.go:99.38,106.2 5 1
github.com/infktd/devdash/internal/ui/alerthistory.go:109.46,113.23 3 1
github.com/infktd/devdash/internal/ui/alerthistory.go:113.23,115.3 1 1
github.com/infktd/devdash/internal/ui/alerthistory.go:116.2,116.12 1 1
github.com/infktd/devdash/internal/ui/alerthistory.go:116.12,118.3 1 1
github.com/infktd/devdash/internal/ui/alerthistory.go:120.2,122.25 2 1
github.com/infktd/devdash/internal/ui/alerthistory.go:122.25,124.3 1 1
github.com/infktd/devdash/internal/ui/alerthistory.go:125.2,125.15 1 1
github.com/infktd/devdash/internal/ui/alerthistory.go:129.34,133.2 3 1
github.com/infktd/devdash/internal/ui/alerthistory.go:136.32,140.2 3 1
github.com/infktd/devdash/internal/ui/alerts.go:20.91,28.2 1 1
github.com/infktd/devdash/internal/ui/alerts.go:31.30,33.2 1 1
github.com/infktd/devdash/internal/ui/alerts.go:36.30,38.2 1 1
github.com/infktd/devdash/internal/ui/alerts.go:41.40,43.2 1 1
github.com/infktd/devdash/internal/ui/alerts.go:46.50,49.2 2 1
github.com/infktd/devdash/internal/ui/alerts.go:52.67,53.16 1 1
github.com/infktd/devdash/internal/ui/alerts.go:53.16,55.3 1 0
github.com/infktd/devdash/internal/ui/alerts.go:57.2,58.9 2 1
github.com/infktd/devdash/internal/ui/alerts.go:58.9,60.3 1 0
github.com/infktd/devdash/internal/ui/alerts.go:63.2,63.25 1 1
github.com/infktd/devdash/internal/ui/alerts.go:64.18,65.20 1 1
github.com/infktd/devdash/internal/ui/alerts.go:68.2,68.15 1 1
github.com/infktd/devdash/internal/ui/alerts.go:72.37,73.16 1 1
github.com/infktd/devdash/internal/ui/alerts.go:73.16,75.3 1 1
github.com/infktd/devdash/internal/ui/alerts.go:77.2,89.22 5 1
github.com/infktd/devdash/internal/ui/alerts.go:89.22,95.3 2 1
github.com/infktd/devdash/internal/ui/alerts.go:95.8,97.32 1 0
github.com/infktd/devdash/internal/ui/alerts.go:97.32,99.4 1 0
github.com/infktd/devdash/internal/ui/alerts.go:102.2,117.35 6 1
github.com/infktd/devdash/internal/ui/alerts.go:121.55,130.20 5 0
github.com/infktd/devdash/internal/ui/alerts.go:131.27,135.20 2 0
github.com/infktd/devdash/internal/ui/alerts.go:136.29,140.22 2 0
github.com/infktd/devdash/internal/ui/alerts.go:141.27,145.20 2 0
github.com/infktd/devdash/internal/ui/alerts.go:146.27,150.19 2 0
github.com/infktd/devdash/internal/ui/alerts.go:151.21,155.23 2 0
github.com/infktd/devdash/internal/ui/alerts.go:156.17,160.19 2 0
github.com/infktd/devdash/internal/ui/alerts.go:161.10,165.22 2 0
github.com/infktd/devdash/internal/ui/alerts.go:169.2,170.25 2 0
github.com/infktd/devdash/internal/ui/alerts.go:170.25,172.3 1 0
github.com/infktd/devdash/internal/ui/alerts.go:175.2,176.27 2 0
github.com/infktd/devdash/internal/ui/alerts.go:176.27,178.3 1 0
github.com/infktd/devdash/internal/ui/alerts.go:181.2,186.31 3 0
github.com/infktd/devdash/internal/ui/confirm.go:19.54,24.2 1 1
github.com/infktd/devdash/internal/ui/confirm.go:27.74,33.2 5 1
github.com/infktd/devdash/internal/ui/confirm.go:36.32,38.2 1 1
github.com/infktd/devdash/internal/ui/confirm.go:41.42,43.2 1 1
github.com/infktd/devdash/internal/ui/confirm.go:46.71,47.16 1 1
github.com/infktd/devdash/internal/ui/confirm.go:47.16,49.3 1 0
github.com/infktd/devdash/internal/ui/confirm.go:51.2,52.9 2 1
github.com/infktd/devdash/internal/ui/confirm.go:52.9,54.3 1 0
github.com/infktd/devdash/internal/ui/confirm.go:56.2,56.25 1 1
github.com/infktd/devdash/internal/ui/confirm.go:57.40,59.30 1 1
github.com/infktd/devdash/internal/ui/confirm.go:61.15,63.40 2 1
github.com/infktd/devdash/internal/ui/confirm.go:63.40,64.29 1 1
github.com/infktd/devdash/internal/ui/confirm.go:64.29,64.49 1 0
github.com/infktd/devdash/internal/ui/confirm.go:65.9,65.27 1 1
github.com/infktd/devdash/internal/ui/confirm.go:65.27,66.29 1 1
github.com/infktd/devdash/internal/ui/confirm.go:66.29,66.48 1 0
github.com/infktd/devdash/internal/ui/confirm.go:69.13,71.20 2 0
github.com/infktd/devdash/internal/ui/confirm.go:71.20,72.29 1 0
github.com/infktd/devdash/internal/ui/confirm.go:72.29,72.48 1 0
github.com/infktd/devdash/internal/ui/confirm.go:75.11,78.21 2 1
github.com/infktd/devdash/internal/ui/confirm.go:78.21,79.29 1 1
github.com/infktd/devdash/internal/ui/confirm.go:79.29,79.49 1 0
github.com/infktd/devdash/internal/ui/confirm.go:82.11,85.20 2 1
github.com/infktd/devdash/internal/ui/confirm.go:85.20,86.29 1 1
github.com/infktd/devdash/internal/ui/confirm.go:86.29,86.48 1 0
github.com/infktd/devdash/internal/ui/confirm.go:90.2,90.15 1 1
github.com/infktd/devdash/internal/ui/confirm.go:94.39,95.16 1 1
github.com/infktd/devdash/internal/ui/confirm.go:95.16,97.3 1 1
github.com/infktd/devdash/internal/ui/confirm.go:99.2,112.21 6 1
github.com/infktd/devdash/internal/ui/confirm.go:112.21,114.3 1 0
github.com/infktd/devdash/internal/ui/confirm.go:114.8,116.3 1 1
github.com/infktd/devdash/internal/ui/confirm.go:118.2,141.33 7 1
github.com/infktd/devdash/internal/ui/help.go:17.65,24.2 1 1
github.com/infktd/devdash/internal/ui/help.go:27.28,29.2 1 1
github.com/infktd/devdash/internal/ui/help.go:32.28,34.2 1 1
github.com/infktd/devdash/internal/ui/help.go:37.38,39.2 1 1
github.com/infktd/devdash/internal/ui/help.go:42.48,45.2 2 1
github.com/infktd/devdash/internal/ui/help.go:48.63,49.16 1 1
github.com/infktd/devdash/internal/ui/help.go:49.16,51.3 1 0
github.com/infktd/devdash/internal/ui/help.go:53.2,54.9 2 1
github.com/infktd/devdash/internal/ui/help.go:54.9,56.3 1 0
github.com/infktd/devdash/internal/ui/help.go:59.2,59.25 1 1
github.com/infktd/devdash/internal/ui/help.go:60.18,61.20 1 1
github.com/infktd/devdash/internal/ui/help.go:64.2,64.15 1 1
github.com/infktd/devdash/internal/ui/help.go:68.35,69.16 1 1
github.com/infktd/devdash/internal/ui/help.go:69.16,71.3 1 1
github.com/infktd/devdash/internal/ui/help.go:74.2,74.32 1 1
github.com/infktd/devdash/internal/ui/help.go:74.32,82.3 3 1
github.com/infktd/devdash/internal/ui/help.go:85.2,85.31 1 1
github.com/infktd/devdash/internal/ui/help.go:85.31,90.3 1 1
github.com/infktd/devdash/internal/ui/help.go:92.2,175.35 47 1
github.com/infktd/devdash/internal/ui/keys.go:51.29,191.2 1 1
github.com/infktd/devdash/internal/ui/keys.go:194.43,196.2 1 1
github.com/infktd/devdash/internal/ui/keys.go:199.44,206.2 1 1
github.com/infktd/devdash/internal/ui/logbuffer.go:41.55,42.44 1 1
github.com/infktd/devdash/internal/ui/logbuffer.go:42.44,44.18 2 1
github.com/infktd/devdash/internal/ui/logbuffer.go:44.18,45.12 1 1
github.com/infktd/devdash/internal/ui/logbuffer.go:48.3,48.43 1 1
github.com/infktd/devdash/internal/ui/logbuffer.go:48.43,49.55 1 1
github.com/infktd/devdash/internal/ui/logbuffer.go:49.55,51.22 1 1
github.com/infktd/devdash/internal/ui/logbuffer.go:51.22,55.6 2 0
github.com/infktd/devdash/internal/ui/logbuffer.go:56.5,56.19 1 1
github.com/infktd/devdash/internal/ui/logbuffer.go:61.2,61.27 1 1
github.com/infktd/devdash/internal/ui/logbuffer.go:74.35,75.11 1 1
github.com/infktd/devdash/internal/ui/logbuffer.go:76.18,77.17 1 0
github.com/infktd/devdash/internal/ui/logbuffer.go:78.17,79.16 1 1
github.com/infktd/devdash/internal/ui/logbuffer.go:80.17,81.16 1 1
github.com/infktd/devdash/internal/ui/logbuffer.go:82.18,83.17 1 1
github.com/infktd/devdash/internal/ui/logbuffer.go:84.10,85.19 1 0
github.com/infktd/devdash/internal/ui/logbuffer.go:99.46,106.52 2 1
github.com/infktd/devdash/internal/ui/logbuffer.go:106.52,107.42 1 1
github.com/infktd/devdash/internal/ui/logbuffer.go:107.42,109.4 1 1
github.com/infktd/devdash/internal/ui/logbuffer.go:113.2,113.51 1 1
github.com/infktd/devdash/internal/ui/logbuffer.go:113.51,114.42 1 1
github.com/infktd/devdash/internal/ui/logbuffer.go:114.42,116.4 1 1
github.com/infktd/devdash/internal/ui/logbuffer.go:120.2,120.52 1 1
github.com/infktd/devdash/internal/ui/logbuffer.go:120.52,121.42 1 1
github.com/infktd/devdash/internal/ui/logbuffer.go:121.42,123.4 1 1
github.com/infktd/devdash/internal/ui/logbuffer.go:127.2,127.18 1 1
github.com/infktd/devdash/internal/ui/logbuffer.go:148.44,153.2 1 1
github.com/infktd/devdash/internal/ui/logbuffer.go:156.41,162.25 5 1
github.com/infktd/devdash/internal/ui/logbuffer.go:162.25,164.3 1 1
github.com/infktd/devdash/internal/ui/logbuffer.go:168.40,173.17 4 1
github.com/infktd/devdash/internal/ui/logbuffer.go:173.17,175.3 1 1
github.com/infktd/devdash/internal/ui/logbuffer.go:177.2,178.26 2 1
github.com/infktd/devdash/internal/ui/logbuffer.go:178.26,180.3 1 1
github.com/infktd/devdash/internal/ui/logbuffer.go:182.2,182.30 1 1
github.com/infktd/devdash/internal/ui/logbuffer.go:182.30,185.3 2 1
github.com/infktd/devdash/internal/ui/logbuffer.go:187.2,187.15 1 1
github.com/infktd/devdash/internal/ui/logbuffer.go:191.44,195.16 3 1
github.com/infktd/devdash/internal/ui/logbuffer.go:195.16,197.3 1 0
github.com/infktd/devdash/internal/ui/logbuffer.go:198.2,198.12 1 1
github.com/infktd/devdash/internal/ui/logbuffer.go:198.12,200.3 1 0
github.com/infktd/devdash/internal/ui/logbuffer.go:202.2,204.25 3 1
github.com/infktd/devdash/internal/ui/logbuffer.go:204.25,206.3 1 1
github.com/infktd/devdash/internal/ui/logbuffer.go:208.2,208.25 1 1
github.com/infktd/devdash/internal/ui/logbuffer.go:208.25,210.26 2 1
github.com/infktd/devdash/internal/ui/logbuffer.go:210.26,212.4 1 1
github.com/infktd/devdash/internal/ui/logbuffer.go:213.3,213.29 1 1
github.com/infktd/devdash/internal/ui/logbuffer.go:216.2,216.15 1 1
github.com/infktd/devdash/internal/ui/logbuffer.go:220.31,224.2 3 1
github.com/infktd/devdash/internal/ui/logbuffer.go:227.29,232.2 4 1
github.com/infktd/devdash/internal/ui/logbuffer.go:235.36,237.2 1 1
github.com/infktd/devdash/internal/ui/loginterleaver.go:22.59,28.2 1 1
github.com/infktd/devdash/internal/ui/loginterleaver.go:31.47,35.2 3 1
github.com/infktd/devdash/internal/ui/loginterleaver.go:38.35,40.16 2 1
github.com/infktd/devdash/internal/ui/loginterleaver.go:40.16,43.3 2 0
github.com/infktd/devdash/internal/ui/loginterleaver.go:44.2,49.12 5 1
github.com/infktd/devdash/internal/ui/loginterleaver.go:49.12,51.7 2 1
github.com/infktd/devdash/internal/ui/loginterleaver.go:51.7,52.11 1 1
github.com/infktd/devdash/internal/ui/loginterleaver.go:53.26,54.15 1 1
github.com/infktd/devdash/internal/ui/loginterleaver.go:55.19,58.11 3 1
github.com/infktd/devdash/internal/ui/loginterleaver.go:65.34,67.17 2 1
github.com/infktd/devdash/internal/ui/loginterleaver.go:67.17,70.3 2 0
github.com/infktd/devdash/internal/ui/loginterleaver.go:71.2,74.14 3 1
github.com/infktd/devdash/internal/ui/loginterleaver.go:78.35,80.25 2 1
github.com/infktd/devdash/internal/ui/loginterleaver.go:80.25,83.3 2 1
github.com/infktd/devdash/internal/ui/loginterleaver.go:86.2,86.44 1 1
github.com/infktd/devdash/internal/ui/loginterleaver.go:86.44,88.3 1 1
github.com/infktd/devdash/internal/ui/loginterleaver.go:91.2,96.28 4 1
github.com/infktd/devdash/internal/ui/loginterleaver.go:96.28,98.3 1 1
github.com/infktd/devdash/internal/ui/logview.go:28.61,36.2 1 1
github.com/infktd/devdash/internal/ui/logview.go:39.45,41.15 2 1
github.com/infktd/devdash/internal/ui/logview.go:41.15,43.3 1 1
github.com/infktd/devdash/internal/ui/logview.go:47.46,49.2 1 1
github.com/infktd/devdash/internal/ui/logview.go:52.47,55.2 2 1
github.com/infktd/devdash/internal/ui/logview.go:58.40,60.2 1 1
github.com/infktd/devdash/internal/ui/logview.go:63.44,67.22 2 1
github.com/infktd/devdash/internal/ui/logview.go:67.22,69.25 2 0
github.com/infktd/devdash/internal/ui/logview.go:69.25,70.31 1 0
github.com/infktd/devdash/internal/ui/logview.go:70.31,72.5 1 0
github.com/infktd/devdash/internal/ui/logview.go:74.3,74.17 1 0
github.com/infktd/devdash/internal/ui/logview.go:77.2,78.16 2 1
github.com/infktd/devdash/internal/ui/logview.go:78.16,80.3 1 1
github.com/infktd/devdash/internal/ui/logview.go:83.2,84.25 2 0
github.com/infktd/devdash/internal/ui/logview.go:84.25,86.3 1 0
github.com/infktd/devdash/internal/ui/logview.go:87.2,87.21 1 0
github.com/infktd/devdash/internal/ui/logview.go:87.21,89.3 1 0
github.com/infktd/devdash/internal/ui/logview.go:91.2,91.27 1 0
github.com/infktd/devdash/internal/ui/logview.go:95.47,98.2 2 1
github.com/infktd/devdash/internal/ui/logview.go:101.34,105.30 3 1
github.com/infktd/devdash/internal/ui/logview.go:105.30,108.3 2 1
github.com/infktd/devdash/internal/ui/logview.go:111.2,112.41 2 1
github.com/infktd/devdash/internal/ui/logview.go:112.41,114.3 1 1
github.com/infktd/devdash/internal/ui/logview.go:116.2,116.20 1 1
github.com/infktd/devdash/internal/ui/logview.go:119.49,123.22 2 1
github.com/infktd/devdash/internal/ui/logview.go:123.22,125.25 2 0
github.com/infktd/devdash/internal/ui/logview.go:125.25,126.31 1 0
github.com/infktd/devdash/internal/ui/logview.go:126.31,128.5 1 0
github.com/infktd/devdash/internal/ui/logview.go:130.3,130.17 1 0
github.com/infktd/devdash/internal/ui/logview.go:134.2,134.62 1 1
github.com/infktd/devdash/internal/ui/logview.go:134.62,137.25 3 1
github.com/infktd/devdash/internal/ui/logview.go:137.25,138.64 1 1
github.com/infktd/devdash/internal/ui/logview.go:138.64,140.5 1 1
github.com/infktd/devdash/internal/ui/logview.go:142.3,142.17 1 1
github.com/infktd/devdash/internal/ui/logview.go:145.2,146.16 2 1
github.com/infktd/devdash/internal/ui/logview.go:146.16,148.3 1 1
github.com/infktd/devdash/internal/ui/logview.go:151.2,152.27 2 1
github.com/infktd/devdash/internal/ui/logview.go:152.27,154.3 1 1
github.com/infktd/devdash/internal/ui/logview.go:156.2,157.17 2 1
github.com/infktd/devdash/internal/ui/logview.go:157.17,159.3 1 0
github.com/infktd/devdash/internal/ui/logview.go:160.2,161.15 2 1
github.com/infktd/devdash/internal/ui/logview.go:161.15,163.3 1 0
github.com/infktd/devdash/internal/ui/logview.go:165.2,165.23 1 1
github.com/infktd/devdash/internal/ui/logview.go:168.55,174.25 3 1
github.com/infktd/devdash/internal/ui/logview.go:174.25,177.3 2 1
github.com/infktd/devdash/internal/ui/logview.go:180.2,183.45 2 1
github.com/infktd/devdash/internal/ui/logview.go:183.45,188.3 2 1
github.com/infktd/devdash/internal/ui/logview.go:190.2,190.49 1 0
github.com/infktd/devdash/internal/ui/logview.go:194.65,195.15 1 1
github.com/infktd/devdash/internal/ui/logview.go:196.18,197.33 1 0
github.com/infktd/devdash/internal/ui/logview.go:198.17,199.32 1 0
github.com/infktd/devdash/internal/ui/logview.go:200.18,201.67 1 1
github.com/infktd/devdash/internal/ui/logview.go:202.10,203.27 1 1
github.com/infktd/devdash/internal/ui/logview.go:208.78,211.46 2 1
github.com/infktd/devdash/internal/ui/logview.go:211.46,213.3 1 1
github.com/infktd/devdash/internal/ui/logview.go:216.2,220.15 4 1
github.com/infktd/devdash/internal/ui/logview.go:220.15,222.3 1 0
github.com/infktd/devdash/internal/ui/logview.go:225.2,232.6 4 1
github.com/infktd/devdash/internal/ui/logview.go:232.6,234.16 2 1
github.com/infktd/devdash/internal/ui/logview.go:234.16,237.9 2 1
github.com/infktd/devdash/internal/ui/logview.go:240.3,240.14 1 1
github.com/infktd/devdash/internal/ui/logview.go:240.14,242.4 1 0
github.com/infktd/devdash/internal/ui/logview.go:244.3,246.17 3 1
github.com/infktd/devdash/internal/ui/logview.go:249.2,249.24 1 1
github.com/infktd/devdash/internal/ui/logview.go:253.53,254.46 1 0
github.com/infktd/devdash/internal/ui/logview.go:254.46,256.3 1 0
github.com/infktd/devdash/internal/ui/logview.go:259.2,263.15 4 0
github.com/infktd/devdash/internal/ui/logview.go:263.15,265.3 1 0
github.com/infktd/devdash/internal/ui/logview.go:268.2,275.6 4 0
github.com/infktd/devdash/internal/ui/logview.go:275.6,277.16 2 0
github.com/infktd/devdash/internal/ui/logview.go:277.16,280.9 2 0
github.com/infktd/devdash/internal/ui/logview.go:283.3,283.14 1 0
github.com/infktd/devdash/internal/ui/logview.go:283.14,285.4 1 0
github.com/infktd/devdash/internal/ui/logview.go:287.3,289.17 3 0
github.com/infktd/devdash/internal/ui/logview.go:292.2,292.24 1 0
github.com/infktd/devdash/internal/ui/logview.go:295.67,308.28 3 1
github.com/infktd/devdash/internal/ui/logview.go:308.28,310.3 1 1
github.com/infktd/devdash/internal/ui/logview.go:311.2,311.14 1 1
github.com/infktd/devdash/internal/ui/logview.go:311.14,313.3 1 0
github.com/infktd/devdash/internal/ui/logview.go:315.2,315.33 1 1
github.com/infktd/devdash/internal/ui/logview.go:320.31,323.19 3 1
github.com/infktd/devdash/internal/ui/logview.go:323.19,325.3 1 0
github.com/infktd/devdash/internal/ui/logview.go:326.2,326.27 1 1
github.com/infktd/devdash/internal/ui/logview.go:326.27,328.3 1 1
github.com/infktd/devdash/internal/ui/logview.go:331.33,332.19 1 1
github.com/infktd/devdash/internal/ui/logview.go:332.19,334.3 1 1
github.com/infktd/devdash/internal/ui/logview.go:335.2,335.20 1 1
github.com/infktd/devdash/internal/ui/logview.go:335.20,337.3 1 1
github.com/infktd/devdash/internal/ui/logview.go:340.34,343.19 3 1
github.com/infktd/devdash/internal/ui/logview.go:343.19,345.3 1 0
github.com/infktd/devdash/internal/ui/logview.go:348.37,351.2 2 1
github.com/infktd/devdash/internal/ui/logview.go:353.29,357.27 4 1
github.com/infktd/devdash/internal/ui/logview.go:357.27,359.3 1 0
github.com/infktd/devdash/internal/ui/logview.go:360.2,360.19 1 1
github.com/infktd/devdash/internal/ui/logview.go:360.19,362.3 1 0
github.com/infktd/devdash/internal/ui/logview.go:365.31,367.19 2 1
github.com/infktd/devdash/internal/ui/logview.go:367.19,370.3 2 1
github.com/infktd/devdash/internal/ui/logview.go:375.35,377.15 2 1
github.com/infktd/devdash/internal/ui/logview.go:377.15,379.3 1 0
github.com/infktd/devdash/internal/ui/logview.go:382.38,384.7 2 1
github.com/infktd/devdash/internal/ui/logview.go:384.7,386.3 1 0
github.com/infktd/devdash/internal/ui/logview.go:389.39,391.2 1 1
github.com/infktd/devdash/internal/ui/logview.go:394.28,397.2 2 1
github.com/infktd/devdash/internal/ui/logview.go:402.44,408.22 5 1
github.com/infktd/devdash/internal/ui/logview.go:408.22,410.3 1 0
github.com/infktd/devdash/internal/ui/logview.go:413.2,415.28 3 1
github.com/infktd/devdash/internal/ui/logview.go:415.28,416.67 1 1
github.com/infktd/devdash/internal/ui/logview.go:416.67,418.4 1 1
github.com/infktd/devdash/internal/ui/logview.go:422.2,422.25 1 1
github.com/infktd/devdash/internal/ui/logview.go:422.25,424.3 1 1
github.com/infktd/devdash/internal/ui/logview.go:428.34,434.2 5 1
github.com/infktd/devdash/internal/ui/logview.go:437.32,438.26 1 1
github.com/infktd/devdash/internal/ui/logview.go:438.26,440.3 1 0
github.com/infktd/devdash/internal/ui/logview.go:441.2,442.33 2 1
github.com/infktd/devdash/internal/ui/logview.go:446.32,447.26 1 1
github.com/infktd/devdash/internal/ui/logview.go:447.26,449.3 1 0
github.com/infktd/devdash/internal/ui/logview.go:450.2,451.23 2 1
github.com/infktd/devdash/internal/ui/logview.go:451.23,453.3 1 1
github.com/infktd/devdash/internal/ui/logview.go:454.2,454.33 1 1
github.com/infktd/devdash/internal/ui/logview.go:458.35,461.2 2 1
github.com/infktd/devdash/internal/ui/logview.go:464.42,466.2 1 1
github.com/infktd/devdash/internal/ui/logview.go:469.40,471.2 1 1
github.com/infktd/devdash/internal/ui/logview.go:474.41,476.2 1 1
github.com/infktd/devdash/internal/ui/logview.go:479.37,481.2 1 1
github.com/infktd/devdash/internal/ui/logview.go:484.44,485.26 1 1
github.com/infktd/devdash/internal/ui/logview.go:485.26,487.3 1 0
github.com/infktd/devdash/internal/ui/logview.go:488.2,488.26 1 1
github.com/infktd/devdash/internal/ui/logview.go:492.43,493.39 1 1
github.com/infktd/devdash/internal/ui/logview.go:493.39,495.3 1 0
github.com/infktd/devdash/internal/ui/logview.go:497.2,503.19 4 1
github.com/infktd/devdash/internal/ui/logview.go:503.19,505.3 1 1
github.com/infktd/devdash/internal/ui/logview.go:506.2,507.19 2 1
github.com/infktd/devdash/internal/ui/logview.go:507.19,509.3 1 1
github.com/infktd/devdash/internal/ui/logview.go:510.2,510.27 1 1
github.com/infktd/devdash/internal/ui/logview.go:510.27,512.3 1 0
github.com/infktd/devdash/internal/ui/logview.go:513.2,513.19 1 1
github.com/infktd/devdash/internal/ui/logview.go:517.50,521.22 2 1
github.com/infktd/devdash/internal/ui/logview.go:521.22,523.25 2 0
github.com/infktd/devdash/internal/ui/logview.go:523.25,524.31 1 0
github.com/infktd/devdash/internal/ui/logview.go:524.31,526.5 1 0
github.com/infktd/devdash/internal/ui/logview.go:528.3,528.17 1 0
github.com/infktd/devdash/internal/ui/logview.go:531.2,531.12 1 1
github.com/infktd/devdash/internal/ui/model.go:46.47,48.2 1 1
github.com/infktd/devdash/internal/ui/model.go:50.41,52.2 1 0
github.com/infktd/devdash/internal/ui/model.go:54.47,56.2 1 0
github.com/infktd/devdash/internal/ui/model.go:63.49,65.2 1 0
github.com/infktd/devdash/internal/ui/model.go:67.43,69.2 1 0
github.com/infktd/devdash/internal/ui/model.go:71.49,73.2 1 0
github.com/infktd/devdash/internal/ui/model.go:203.61,311.2 36 1
github.com/infktd/devdash/internal/ui/model.go:314.73,316.99 1 1
github.com/infktd/devdash/internal/ui/model.go:316.99,318.3 1 0
github.com/infktd/devdash/internal/ui/model.go:321.2,321.104 1 1
github.com/infktd/devdash/internal/ui/model.go:321.104,323.3 1 1
github.com/infktd/devdash/internal/ui/model.go:326.2,335.22 6 1
github.com/infktd/devdash/internal/ui/model.go:335.22,338.3 1 1
github.com/infktd/devdash/internal/ui/model.go:338.8,338.36 1 1
github.com/infktd/devdash/internal/ui/model.go:338.36,343.27 3 1
github.com/infktd/devdash/internal/ui/model.go:343.27,345.4 1 0
github.com/infktd/devdash/internal/ui/model.go:345.9,345.49 1 1
github.com/infktd/devdash/internal/ui/model.go:345.49,347.4 1 1
github.com/infktd/devdash/internal/ui/model.go:347.9,349.4 1 0
github.com/infktd/devdash/internal/ui/model.go:350.8,354.27 2 1
github.com/infktd/devdash/internal/ui/model.go:354.27,356.22 1 1
github.com/infktd/devdash/internal/ui/model.go:356.22,358.5 1 0
github.com/infktd/devdash/internal/ui/model.go:358.10,360.5 1 1
github.com/infktd/devdash/internal/ui/model.go:361.9,363.4 1 1
github.com/infktd/devdash/internal/ui/model.go:367.2,367.27 1 1
github.com/infktd/devdash/internal/ui/model.go:367.27,369.3 1 1
github.com/infktd/devdash/internal/ui/model.go:372.2,372.26 1 1
github.com/infktd/devdash/internal/ui/model.go:372.26,373.35 1 1
github.com/infktd/devdash/internal/ui/model.go:373.35,375.27 1 1
github.com/infktd/devdash/internal/ui/model.go:375.27,377.5 1 1
github.com/infktd/devdash/internal/ui/model.go:378.9,378.44 1 1
github.com/infktd/devdash/internal/ui/model.go:378.44,380.27 1 0
github.com/infktd/devdash/internal/ui/model.go:380.27,382.5 1 0
github.com/infktd/devdash/internal/ui/model.go:386.2,386.15 1 1
github.com/infktd/devdash/internal/ui/model.go:390.32,398.2 1 1
github.com/infktd/devdash/internal/ui/model.go:403.35,404.59 1 1
github.com/infktd/devdash/internal/ui/model.go:404.59,406.3 1 0
github.com/infktd/devdash/internal/ui/model.go:409.43,410.66 1 1
github.com/infktd/devdash/internal/ui/model.go:410.66,412.3 1 0
github.com/infktd/devdash/internal/ui/model.go:415.43,416.66 1 0
github.com/infktd/devdash/internal/ui/model.go:416.66,418.3 1 0
github.com/infktd/devdash/internal/ui/model.go:421.41,422.65 1 1
github.com/infktd/devdash/internal/ui/model.go:422.65,424.3 1 0
github.com/infktd/devdash/internal/ui/model.go:427.43,428.24 1 1
github.com/infktd/devdash/internal/ui/model.go:428.24,430.3 1 0
github.com/infktd/devdash/internal/ui/model.go:433.39,438.24 3 0
github.com/infktd/devdash/internal/ui/model.go:438.24,439.37 1 0
github.com/infktd/devdash/internal/ui/model.go:439.37,441.4 1 0
github.com/infktd/devdash/internal/ui/model.go:444.3,446.42 3 0
github.com/infktd/devdash/internal/ui/model.go:446.42,448.4 1 0
github.com/infktd/devdash/internal/ui/model.go:451.3,452.32 2 0
github.com/infktd/devdash/internal/ui/model.go:452.32,454.35 2 0
github.com/infktd/devdash/internal/ui/model.go:454.35,456.5 1 0
github.com/infktd/devdash/internal/ui/model.go:459.3,459.30 1 0
github.com/infktd/devdash/internal/ui/model.go:459.30,461.4 1 0
github.com/infktd/devdash/internal/ui/model.go:462.3,462.54 1 0
github.com/infktd/devdash/internal/ui/model.go:467.62,470.24 3 0
github.com/infktd/devdash/internal/ui/model.go:470.24,474.17 4 0
github.com/infktd/devdash/internal/ui/model.go:474.17,476.23 1 0
github.com/infktd/devdash/internal/ui/model.go:476.23,478.5 1 0
github.com/infktd/devdash/internal/ui/model.go:480.3,480.59 1 0
github.com/infktd/devdash/internal/ui/model.go:485.85,486.24 1 0
github.com/infktd/devdash/internal/ui/model.go:486.24,493.3 2 0
github.com/infktd/devdash/internal/ui/model.go:497.84,498.24 1 0
github.com/infktd/devdash/internal/ui/model.go:498.24,505.3 2 0
github.com/infktd/devdash/internal/ui/model.go:509.87,510.24 1 0
github.com/infktd/devdash/internal/ui/model.go:510.24,517.3 2 0
github.com/infktd/devdash/internal/ui/model.go:521.61,524.24 3 0
github.com/infktd/devdash/internal/ui/model.go:524.24,528.42 3 0
github.com/infktd/devdash/internal/ui/model.go:528.42,530.18 2 0
github.com/infktd/devdash/internal/ui/model.go:530.18,532.5 1 0
github.com/infktd/devdash/internal/ui/model.go:533.4,533.60 1 0
github.com/infktd/devdash/internal/ui/model.go:536.3,539.17 4 0
github.com/infktd/devdash/internal/ui/model.go:539.17,541.23 1 0
github.com/infktd/devdash/internal/ui/model.go:541.23,543.5 1 0
github.com/infktd/devdash/internal/ui/model.go:545.3,545.59 1 0
github.com/infktd/devdash/internal/ui/model.go:550.41,553.18 2 0
github.com/infktd/devdash/internal/ui/model.go:553.18,555.3 1 0
github.com/infktd/devdash/internal/ui/model.go:558.2,562.52 3 0
github.com/infktd/devdash/internal/ui/model.go:562.52,563.17 1 0
github.com/infktd/devdash/internal/ui/model.go:563.17,565.4 1 0
github.com/infktd/devdash/internal/ui/model.go:568.3,569.21 2 0
github.com/infktd/devdash/internal/ui/model.go:569.21,571.4 1 0
github.com/infktd/devdash/internal/ui/model.go:574.3,574.54 1 0
github.com/infktd/devdash/internal/ui/model.go:579.58,583.20 2 1
github.com/infktd/devdash/internal/ui/model.go:583.20,588.30 3 0
github.com/infktd/devdash/internal/ui/model.go:588.30,597.4 2 0
github.com/infktd/devdash/internal/ui/model.go:599.3,599.16 1 0
github.com/infktd/devdash/internal/ui/model.go:603.2,603.27 1 1
github.com/infktd/devdash/internal/ui/model.go:603.27,607.29 3 0
github.com/infktd/devdash/internal/ui/model.go:607.29,615.4 1 0
github.com/infktd/devdash/internal/ui/model.go:616.3,616.16 1 0
github.com/infktd/devdash/internal/ui/model.go:619.2,619.27 1 1
github.com/infktd/devdash/internal/ui/model.go:620.18,621.31 1 1
github.com/infktd/devdash/internal/ui/model.go:623.20,625.33 1 1
github.com/infktd/devdash/internal/ui/model.go:627.25,635.50 8 1
github.com/infktd/devdash/internal/ui/model.go:637.23,640.16 3 0
github.com/infktd/devdash/internal/ui/model.go:642.21,643.19 1 0
github.com/infktd/devdash/internal/ui/model.go:643.19,651.26 4 0
github.com/infktd/devdash/internal/ui/model.go:651.26,655.5 2 0
github.com/infktd/devdash/internal/ui/model.go:655.10,658.5 1 0
github.com/infktd/devdash/internal/ui/model.go:661.21,663.18 2 0
github.com/infktd/devdash/internal/ui/model.go:665.15,668.43 3 0
github.com/infktd/devdash/internal/ui/model.go:670.23,672.26 1 0
github.com/infktd/devdash/internal/ui/model.go:672.26,677.59 2 0
github.com/infktd/devdash/internal/ui/model.go:677.59,679.23 2 0
github.com/infktd/devdash/internal/ui/model.go:679.23,683.6 2 0
github.com/infktd/devdash/internal/ui/model.go:683.11,687.6 1 0
github.com/infktd/devdash/internal/ui/model.go:690.4,690.27 1 0
github.com/infktd/devdash/internal/ui/model.go:692.3,692.43 1 0
github.com/infktd/devdash/internal/ui/model.go:694.23,696.54 1 0
github.com/infktd/devdash/internal/ui/model.go:696.54,702.23 3 0
github.com/infktd/devdash/internal/ui/model.go:703.20,704.22 1 0
github.com/infktd/devdash/internal/ui/model.go:704.22,707.6 2 0
github.com/infktd/devdash/internal/ui/model.go:707.11,707.29 1 0
github.com/infktd/devdash/internal/ui/model.go:707.29,710.6 2 0
github.com/infktd/devdash/internal/ui/model.go:710.11,713.6 2 0
github.com/infktd/devdash/internal/ui/model.go:715.20,716.22 1 0
github.com/infktd/devdash/internal/ui/model.go:716.22,719.6 2 0
github.com/infktd/devdash/internal/ui/model.go:719.11,722.6 2 0
github.com/infktd/devdash/internal/ui/model.go:726.4,726.32 1 0
github.com/infktd/devdash/internal/ui/model.go:726.32,728.5 1 0
github.com/infktd/devdash/internal/ui/model.go:730.4,731.44 2 0
github.com/infktd/devdash/internal/ui/model.go:734.23,736.40 1 0
github.com/infktd/devdash/internal/ui/model.go:736.40,738.21 2 0
github.com/infktd/devdash/internal/ui/model.go:738.21,740.30 2 0
github.com/infktd/devdash/internal/ui/model.go:740.30,741.20 1 0
github.com/infktd/devdash/internal/ui/model.go:741.20,743.7 1 0
github.com/infktd/devdash/internal/ui/model.go:744.6,744.54 1 0
github.com/infktd/devdash/internal/ui/model.go:749.26,750.21 1 0
github.com/infktd/devdash/internal/ui/model.go:750.21,755.47 3 0
github.com/infktd/devdash/internal/ui/model.go:755.47,757.5 1 0
github.com/infktd/devdash/internal/ui/model.go:760.4,763.37 2 0
github.com/infktd/devdash/internal/ui/model.go:763.37,765.42 2 0
github.com/infktd/devdash/internal/ui/model.go:765.42,767.6 1 0
github.com/infktd/devdash/internal/ui/model.go:768.5,769.21 2 0
github.com/infktd/devdash/internal/ui/model.go:769.21,770.41 1 0
github.com/infktd/devdash/internal/ui/model.go:770.41,772.7 1 0
github.com/infktd/devdash/internal/ui/model.go:776.5,777.22 2 0
github.com/infktd/devdash/internal/ui/model.go:777.22,779.6 1 0
github.com/infktd/devdash/internal/ui/model.go:780.5,781.44 2 0
github.com/infktd/devdash/internal/ui/model.go:781.44,785.6 2 0
github.com/infktd/devdash/internal/ui/model.go:786.5,789.22 2 0
github.com/infktd/devdash/internal/ui/model.go:789.22,793.27 3 0
github.com/infktd/devdash/internal/ui/model.go:793.27,795.7 1 0
github.com/infktd/devdash/internal/ui/model.go:796.6,801.27 4 0
github.com/infktd/devdash/internal/ui/model.go:801.27,803.7 1 0
github.com/infktd/devdash/internal/ui/model.go:804.6,804.38 1 0
github.com/infktd/devdash/internal/ui/model.go:809.4,809.44 1 0
github.com/infktd/devdash/internal/ui/model.go:809.44,811.30 2 0
github.com/infktd/devdash/internal/ui/model.go:811.30,813.6 1 0
github.com/infktd/devdash/internal/ui/model.go:816.4,821.19 3 0
github.com/infktd/devdash/internal/ui/model.go:824.22,825.51 1 0
github.com/infktd/devdash/internal/ui/model.go:825.51,826.49 1 0
github.com/infktd/devdash/internal/ui/model.go:826.49,827.23 1 0
github.com/infktd/devdash/internal/ui/model.go:827.23,828.14 1 0
github.com/infktd/devdash/internal/ui/model.go:832.5,834.23 3 0
github.com/infktd/devdash/internal/ui/model.go:834.23,835.31 1 0
github.com/infktd/devdash/internal/ui/model.go:835.31,836.26 1 0
github.com/infktd/devdash/internal/ui/model.go:836.26,838.13 2 0
github.com/infktd/devdash/internal/ui/model.go:844.5,845.43 2 0
github.com/infktd/devdash/internal/ui/model.go:845.43,848.13 2 0
github.com/infktd/devdash/internal/ui/model.go:848.13,850.7 1 0
github.com/infktd/devdash/internal/ui/model.go:851.6,857.19 2 0
github.com/infktd/devdash/internal/ui/model.go:861.5,864.24 2 0
github.com/infktd/devdash/internal/ui/model.go:864.24,866.6 1 0
github.com/infktd/devdash/internal/ui/model.go:870.22,882.47 3 0
github.com/infktd/devdash/internal/ui/model.go:882.47,891.30 3 0
github.com/infktd/devdash/internal/ui/model.go:891.30,893.5 1 0
github.com/infktd/devdash/internal/ui/model.go:894.9,894.56 1 0
github.com/infktd/devdash/internal/ui/model.go:894.56,901.4 2 0
github.com/infktd/devdash/internal/ui/model.go:903.25,910.21 6 0
github.com/infktd/devdash/internal/ui/model.go:910.21,912.4 1 0
github.com/infktd/devdash/internal/ui/model.go:912.9,915.66 2 0
github.com/infktd/devdash/internal/ui/model.go:915.66,917.5 1 0
github.com/infktd/devdash/internal/ui/model.go:919.3,920.43 2 0
github.com/infktd/devdash/internal/ui/model.go:922.25,929.21 6 0
github.com/infktd/devdash/internal/ui/model.go:929.21,931.4 1 0
github.com/infktd/devdash/internal/ui/model.go:931.9,937.66 4 0
github.com/infktd/devdash/internal/ui/model.go:937.66,939.5 1 0
github.com/infktd/devdash/internal/ui/model.go:941.3,941.41 1 0
github.com/infktd/devdash/internal/ui/model.go:943.27,944.21 1 0
github.com/infktd/devdash/internal/ui/model.go:944.21,950.4 1 0
github.com/infktd/devdash/internal/ui/model.go:950.9,956.4 1 0
github.com/infktd/devdash/internal/ui/model.go:957.3,958.43 2 0
github.com/infktd/devdash/internal/ui/model.go:960.24,990.41 13 0
github.com/infktd/devdash/internal/ui/model.go:992.28,994.41 2 0
github.com/infktd/devdash/internal/ui/model.go:996.25,999.41 3 0
github.com/infktd/devdash/internal/ui/model.go:1001.24,1002.17 1 0
github.com/infktd/devdash/internal/ui/model.go:1002.17,1004.4 1 0
github.com/infktd/devdash/internal/ui/model.go:1004.9,1006.4 1 0
github.com/infktd/devdash/internal/ui/model.go:1007.3,1008.41 2 0
github.com/infktd/devdash/internal/ui/model.go:1010.26,1011.21 1 0
github.com/infktd/devdash/internal/ui/model.go:1011.21,1013.4 1 0
github.com/infktd/devdash/internal/ui/model.go:1013.9,1015.4 1 0
github.com/infktd/devdash/internal/ui/model.go:1016.3,1017.41 2 0
github.com/infktd/devdash/internal/ui/model.go:1019.23,1020.21 1 0
github.com/infktd/devdash/internal/ui/model.go:1020.21,1022.4 1 0
github.com/infktd/devdash/internal/ui/model.go:1022.9,1030.4 4 0
github.com/infktd/devdash/internal/ui/model.go:1031.3,1031.41 1 0
github.com/infktd/devdash/internal/ui/model.go:1033.20,1036.17 3 0
github.com/infktd/devdash/internal/ui/model.go:1036.17,1038.4 1 0
github.com/infktd/devdash/internal/ui/model.go:1041.2,1041.19 1 1
github.com/infktd/devdash/internal/ui/model.go:1041.19,1043.3 1 0
github.com/infktd/devdash/internal/ui/model.go:1044.2,1044.15 1 1
github.com/infktd/devdash/internal/ui/model.go:1047.61,1048.11 1 0
github.com/infktd/devdash/internal/ui/model.go:1049.34,1050.29 1 0
github.com/infktd/devdash/internal/ui/model.go:1051.36,1052.31 1 0
github.com/infktd/devdash/internal/ui/model.go:1053.34,1054.29 1 0
github.com/infktd/devdash/internal/ui/model.go:1055.34,1056.29 1 0
github.com/infktd/devdash/internal/ui/model.go:1057.10,1058.19 1 0
github.com/infktd/devdash/internal/ui/model.go:1062.72,1063.41 1 0
github.com/infktd/devdash/internal/ui/model.go:1063.41,1064.27 1 0
github.com/infktd/devdash/internal/ui/model.go:1064.27,1066.4 1 0
github.com/infktd/devdash/internal/ui/model.go:1068.3,1068.28 1 0
github.com/infktd/devdash/internal/ui/model.go:1073.2,1075.41 3 0
github.com/infktd/devdash/internal/ui/model.go:1075.41,1077.3 1 0
github.com/infktd/devdash/internal/ui/model.go:1079.2,1080.15 2 0
github.com/infktd/devdash/internal/ui/model.go:1083.69,1085.18 1 1
github.com/infktd/devdash/internal/ui/model.go:1085.18,1089.3 3 0
github.com/infktd/devdash/internal/ui/model.go:1092.2,1092.16 1 1
github.com/infktd/devdash/internal/ui/model.go:1092.16,1097.31 3 0
github.com/infktd/devdash/internal/ui/model.go:1097.31,1106.4 2 0
github.com/infktd/devdash/internal/ui/model.go:1108.3,1108.16 1 0
github.com/infktd/devdash/internal/ui/model.go:1112.2,1112.31 1 1
github.com/infktd/devdash/internal/ui/model.go:1112.31,1115.33 2 0
github.com/infktd/devdash/internal/ui/model.go:1115.33,1123.4 1 0
github.com/infktd/devdash/internal/ui/model.go:1124.3,1124.16 1 0
github.com/infktd/devdash/internal/ui/model.go:1128.2,1128.18 1 1
github.com/infktd/devdash/internal/ui/model.go:1128.18,1129.19 1 0
github.com/infktd/devdash/internal/ui/model.go:1130.19,1137.17 6 0
github.com/infktd/devdash/internal/ui/model.go:1138.21,1142.17 3 0
github.com/infktd/devdash/internal/ui/model.go:1143.11,1148.17 4 0
github.com/infktd/devdash/internal/ui/model.go:1153.2,1153.9 1 1
github.com/infktd/devdash/internal/ui/model.go:1154.37,1155.21 1 0
github.com/infktd/devdash/internal/ui/model.go:1156.41,1158.36 1 0
github.com/infktd/devdash/internal/ui/model.go:1158.36,1160.4 1 0
github.com/infktd/devdash/internal/ui/model.go:1161.3,1161.21 1 0
github.com/infktd/devdash/internal/ui/model.go:1162.37,1165.16 3 0
github.com/infktd/devdash/internal/ui/model.go:1166.36,1168.16 2 0
github.com/infktd/devdash/internal/ui/model.go:1169.41,1171.16 2 0
github.com/infktd/devdash/internal/ui/model.go:1172.41,1175.16 3 0
github.com/infktd/devdash/internal/ui/model.go:1176.43,1177.30 1 0
github.com/infktd/devdash/internal/ui/model.go:1178.40,1179.32 1 0
github.com/infktd/devdash/internal/ui/model.go:1179.32,1181.4 1 0
github.com/infktd/devdash/internal/ui/model.go:1181.9,1183.4 1 0
github.com/infktd/devdash/internal/ui/model.go:1184.3,1184.16 1 0
github.com/infktd/devdash/internal/ui/model.go:1185.27,1187.35 1 1
github.com/infktd/devdash/internal/ui/model.go:1188.37,1190.54 1 0
github.com/infktd/devdash/internal/ui/model.go:1190.54,1193.4 1 0
github.com/infktd/devdash/internal/ui/model.go:1194.3,1194.58 1 0
github.com/infktd/devdash/internal/ui/model.go:1194.58,1197.4 1 0
github.com/infktd/devdash/internal/ui/model.go:1198.3,1198.16 1 0
github.com/infktd/devdash/internal/ui/model.go:1202.2,1202.54 1 0
github.com/infktd/devdash/internal/ui/model.go:1202.54,1203.10 1 0
github.com/infktd/devdash/internal/ui/model.go:1204.36,1206.17 2 0
github.com/infktd/devdash/internal/ui/model.go:1207.38,1209.17 2 0
github.com/infktd/devdash/internal/ui/model.go:1214.2,1214.19 1 0
github.com/infktd/devdash/internal/ui/model.go:1215.19,1216.33 1 0
github.com/infktd/devdash/internal/ui/model.go:1217.20,1218.34 1 0
github.com/infktd/devdash/internal/ui/model.go:1219.16,1220.30 1 0
github.com/infktd/devdash/internal/ui/model.go:1223.2,1223.15 1 0
github.com/infktd/devdash/internal/ui/model.go:1226.71,1228.25 1 0
github.com/infktd/devdash/internal/ui/model.go:1228.25,1229.19 1 0
github.com/infktd/devdash/internal/ui/model.go:1230.19,1235.17 4 0
github.com/infktd/devdash/internal/ui/model.go:1236.21,1239.17 2 0
github.com/infktd/devdash/internal/ui/model.go:1240.25,1241.37 1 0
github.com/infktd/devdash/internal/ui/model.go:1241.37,1244.5 2 0
github.com/infktd/devdash/internal/ui/model.go:1245.4,1245.17 1 0
github.com/infktd/devdash/internal/ui/model.go:1246.21,1249.17 3 0
github.com/infktd/devdash/internal/ui/model.go:1251.3,1251.16 1 0
github.com/infktd/devdash/internal/ui/model.go:1254.2,1254.9 1 0
github.com/infktd/devdash/internal/ui/model.go:1255.62,1259.16 3 0
github.com/infktd/devdash/internal/ui/model.go:1260.39,1264.16 2 0
github.com/infktd/devdash/internal/ui/model.go:1265.38,1267.40 1 0
github.com/infktd/devdash/internal/ui/model.go:1267.40,1269.25 1 0
github.com/infktd/devdash/internal/ui/model.go:1269.25,1271.5 1 0
github.com/infktd/devdash/internal/ui/model.go:1274.4,1275.18 2 0
github.com/infktd/devdash/internal/ui/model.go:1275.18,1277.5 1 0
github.com/infktd/devdash/internal/ui/model.go:1279.4,1279.67 1 0
github.com/infktd/devdash/internal/ui/model.go:1279.67,1292.5 8 0
github.com/infktd/devdash/internal/ui/model.go:1292.10,1292.80 1 0
github.com/infktd/devdash/internal/ui/model.go:1292.80,1296.5 2 0
github.com/infktd/devdash/internal/ui/model.go:1298.3,1298.16 1 0
github.com/infktd/devdash/internal/ui/model.go:1299.37,1301.40 1 0
github.com/infktd/devdash/internal/ui/model.go:1301.40,1303.25 1 0
github.com/infktd/devdash/internal/ui/model.go:1303.25,1305.5 1 0
github.com/infktd/devdash/internal/ui/model.go:1307.4,1308.18 2 0
github.com/infktd/devdash/internal/ui/model.go:1308.18,1310.5 1 0
github.com/infktd/devdash/internal/ui/model.go:1312.4,1312.73 1 0
github.com/infktd/devdash/internal/ui/model.go:1312.73,1324.5 8 0
github.com/infktd/devdash/internal/ui/model.go:1324.10,1327.5 2 0
github.com/infktd/devdash/internal/ui/model.go:1329.3,1329.16 1 0
github.com/infktd/devdash/internal/ui/model.go:1330.39,1332.40 1 0
github.com/infktd/devdash/internal/ui/model.go:1332.40,1337.20 3 0
github.com/infktd/devdash/internal/ui/model.go:1337.20,1339.47 1 0
github.com/infktd/devdash/internal/ui/model.go:1339.47,1344.7 3 0
github.com/infktd/devdash/internal/ui/model.go:1345.6,1345.16 1 0
github.com/infktd/devdash/internal/ui/model.go:1347.20,1350.6 1 0
github.com/infktd/devdash/internal/ui/model.go:1353.3,1353.16 1 0
github.com/infktd/devdash/internal/ui/model.go:1354.37,1356.40 1 0
github.com/infktd/devdash/internal/ui/model.go:1356.40,1359.44 3 0
github.com/infktd/devdash/internal/ui/model.go:1359.44,1363.30 3 0
github.com/infktd/devdash/internal/ui/model.go:1363.30,1365.6 1 0
github.com/infktd/devdash/internal/ui/model.go:1368.3,1368.16 1 0
github.com/infktd/devdash/internal/ui/model.go:1369.39,1371.40 1 0
github.com/infktd/devdash/internal/ui/model.go:1371.40,1373.36 2 0
github.com/infktd/devdash/internal/ui/model.go:1373.36,1377.21 2 0
github.com/infktd/devdash/internal/ui/model.go:1377.21,1381.7 2 0
github.com/infktd/devdash/internal/ui/model.go:1382.21,1385.7 1 0
github.com/infktd/devdash/internal/ui/model.go:1389.3,1389.16 1 0
github.com/infktd/devdash/internal/ui/model.go:1394.2,1394.66 1 0
github.com/infktd/devdash/internal/ui/model.go:1394.66,1396.3 1 0
github.com/infktd/devdash/internal/ui/model.go:1399.2,1403.72 3 0
github.com/infktd/devdash/internal/ui/model.go:1403.72,1404.64 1 0
github.com/infktd/devdash/internal/ui/model.go:1404.64,1406.4 1 0
github.com/infktd/devdash/internal/ui/model.go:1409.2,1409.15 1 0
github.com/infktd/devdash/internal/ui/model.go:1412.72,1413.9 1 0
github.com/infktd/devdash/internal/ui/model.go:1414.37,1417.16 2 0
github.com/infktd/devdash/internal/ui/model.go:1418.39,1420.42 1 0
github.com/infktd/devdash/internal/ui/model.go:1420.42,1424.37 3 0
github.com/infktd/devdash/internal/ui/model.go:1424.37,1426.5 1 0
github.com/infktd/devdash/internal/ui/model.go:1426.10,1428.5 1 0
github.com/infktd/devdash/internal/ui/model.go:1430.3,1430.16 1 0
github.com/infktd/devdash/internal/ui/model.go:1431.38,1433.40 1 0
github.com/infktd/devdash/internal/ui/model.go:1433.40,1434.55 1 0
github.com/infktd/devdash/internal/ui/model.go:1434.55,1435.44 1 0
github.com/infktd/devdash/internal/ui/model.go:1435.44,1437.6 1 0
github.com/infktd/devdash/internal/ui/model.go:1440.3,1440.16 1 0
github.com/infktd/devdash/internal/ui/model.go:1441.37,1443.40 1 0
github.com/infktd/devdash/internal/ui/model.go:1443.40,1444.55 1 0
github.com/infktd/devdash/internal/ui/model.go:1444.55,1445.44 1 0
github.com/infktd/devdash/internal/ui/model.go:1445.44,1447.6 1 0
github.com/infktd/devdash/internal/ui/model.go:1450.3,1450.16 1 0
github.com/infktd/devdash/internal/ui/model.go:1451.40,1453.40 1 0
github.com/infktd/devdash/internal/ui/model.go:1453.40,1454.55 1 0
github.com/infktd/devdash/internal/ui/model.go:1454.55,1455.44 1 0
github.com/infktd/devdash/internal/ui/model.go:1455.44,1457.6 1 0
github.com/infktd/devdash/internal/ui/model.go:1460.3,1460.16 1 0
github.com/infktd/devdash/internal/ui/model.go:1462.2,1462.15 1 0
github.com/infktd/devdash/internal/ui/model.go:1465.68,1466.9 1 0
github.com/infktd/devdash/internal/ui/model.go:1467.62,1473.44 5 0
github.com/infktd/devdash/internal/ui/model.go:1474.42,1477.16 2 0
github.com/infktd/devdash/internal/ui/model.go:1478.42,1481.16 2 0
github.com/infktd/devdash/internal/ui/model.go:1482.39,1485.16 2 0
github.com/infktd/devdash/internal/ui/model.go:1486.37,1488.33 1 0
github.com/infktd/devdash/internal/ui/model.go:1488.33,1494.4 4 0
github.com/infktd/devdash/internal/ui/model.go:1496.3,1498.16 3 0
github.com/infktd/devdash/internal/ui/model.go:1499.39,1501.16 2 0
github.com/infktd/devdash/internal/ui/model.go:1502.36,1504.16 2 0
github.com/infktd/devdash/internal/ui/model.go:1505.39,1507.16 2 0
github.com/infktd/devdash/internal/ui/model.go:1508.35,1510.16 2 0
github.com/infktd/devdash/internal/ui/model.go:1511.37,1513.16 2 0
github.com/infktd/devdash/internal/ui/model.go:1515.2,1515.15 1 0
github.com/infktd/devdash/internal/ui/model.go:1518.52,1519.84 1 1
github.com/infktd/devdash/internal/ui/model.go:1519.84,1521.3 1 1
github.com/infktd/devdash/internal/ui/model.go:1522.2,1522.47 1 1
github.com/infktd/devdash/internal/ui/model.go:1530.44,1532.2 1 1
github.com/infktd/devdash/internal/ui/model.go:1535.46,1538.2 2 1
github.com/infktd/devdash/internal/ui/model.go:1542.43,1544.40 2 1
github.com/infktd/devdash/internal/ui/model.go:1544.40,1550.33 3 1
github.com/infktd/devdash/internal/ui/model.go:1550.33,1551.89 1 0
github.com/infktd/devdash/internal/ui/model.go:1551.89,1552.13 1 0
github.com/infktd/devdash/internal/ui/model.go:1556.3,1556.72 1 1
github.com/infktd/devdash/internal/ui/model.go:1556.72,1558.4 1 0
github.com/infktd/devdash/internal/ui/model.go:1558.9,1560.4 1 1
github.com/infktd/devdash/internal/ui/model.go:1564.2,1564.41 1 1
github.com/infktd/devdash/internal/ui/model.go:1564.41,1566.3 1 0
github.com/infktd/devdash/internal/ui/model.go:1567.2,1567.39 1 1
github.com/infktd/devdash/internal/ui/model.go:1567.39,1569.3 1 1
github.com/infktd/devdash/internal/ui/model.go:1571.2,1577.21 3 1
github.com/infktd/devdash/internal/ui/model.go:1577.21,1579.28 2 0
github.com/infktd/devdash/internal/ui/model.go:1579.28,1584.4 1 0
github.com/infktd/devdash/internal/ui/model.go:1588.2,1588.19 1 1
github.com/infktd/devdash/internal/ui/model.go:1588.19,1590.26 2 1
github.com/infktd/devdash/internal/ui/model.go:1590.26,1595.4 1 1
github.com/infktd/devdash/internal/ui/model.go:1598.2,1605.51 4 1
github.com/infktd/devdash/internal/ui/model.go:1605.51,1607.28 2 1
github.com/infktd/devdash/internal/ui/model.go:1607.28,1609.4 1 1
github.com/infktd/devdash/internal/ui/model.go:1611.2,1615.37 3 1
github.com/infktd/devdash/internal/ui/model.go:1615.37,1616.81 1 1
github.com/infktd/devdash/internal/ui/model.go:1616.81,1618.48 1 0
github.com/infktd/devdash/internal/ui/model.go:1618.48,1619.59 1 0
github.com/infktd/devdash/internal/ui/model.go:1619.59,1622.11 3 0
github.com/infktd/devdash/internal/ui/model.go:1630.63,1631.22 1 1
github.com/infktd/devdash/internal/ui/model.go:1631.22,1633.3 1 0
github.com/infktd/devdash/internal/ui/model.go:1635.2,1638.46 3 1
github.com/infktd/devdash/internal/ui/model.go:1638.46,1639.56 1 1
github.com/infktd/devdash/internal/ui/model.go:1639.56,1641.12 2 1
github.com/infktd/devdash/internal/ui/model.go:1643.3,1643.35 1 1
github.com/infktd/devdash/internal/ui/model.go:1643.35,1645.4 1 1
github.com/infktd/devdash/internal/ui/model.go:1646.3,1647.14 2 0
github.com/infktd/devdash/internal/ui/model.go:1650.2,1650.18 1 1
github.com/infktd/devdash/internal/ui/model.go:1654.60,1656.68 2 1
github.com/infktd/devdash/internal/ui/model.go:1656.68,1657.78 1 1
github.com/infktd/devdash/internal/ui/model.go:1657.78,1659.4 1 1
github.com/infktd/devdash/internal/ui/model.go:1661.2,1661.21 1 1
github.com/infktd/devdash/internal/ui/model.go:1664.30,1665.19 1 1
github.com/infktd/devdash/internal/ui/model.go:1666.19,1667.27 1 1
github.com/infktd/devdash/internal/ui/model.go:1668.20,1671.30 1 1
github.com/infktd/devdash/internal/ui/model.go:1671.30,1673.4 1 0
github.com/infktd/devdash/internal/ui/model.go:1673.9,1675.4 1 1
github.com/infktd/devdash/internal/ui/model.go:1676.20,1677.23 1 0
github.com/infktd/devdash/internal/ui/model.go:1678.16,1679.26 1 1
github.com/infktd/devdash/internal/ui/model.go:1680.10,1681.26 1 0
github.com/infktd/devdash/internal/ui/model.go:1685.37,1686.19 1 0
github.com/infktd/devdash/internal/ui/model.go:1687.19,1688.23 1 0
github.com/infktd/devdash/internal/ui/model.go:1689.20,1690.26 1 0
github.com/infktd/devdash/internal/ui/model.go:1691.20,1692.27 1 0
github.com/infktd/devdash/internal/ui/model.go:1693.16,1696.30 1 0
github.com/infktd/devdash/internal/ui/model.go:1696.30,1698.4 1 0
github.com/infktd/devdash/internal/ui/model.go:1698.9,1700.4 1 0
github.com/infktd/devdash/internal/ui/model.go:1701.10,1702.26 1 0
github.com/infktd/devdash/internal/ui/model.go:1707.42,1722.20 13 1
github.com/infktd/devdash/internal/ui/model.go:1722.20,1724.17 2 1
github.com/infktd/devdash/internal/ui/model.go:1724.17,1727.4 1 0
github.com/infktd/devdash/internal/ui/model.go:1728.3,1728.35 1 1
github.com/infktd/devdash/internal/ui/model.go:1729.8,1731.3 1 1
github.com/infktd/devdash/internal/ui/model.go:1734.34,1735.19 1 1
github.com/infktd/devdash/internal/ui/model.go:1736.19,1739.21 2 1
github.com/infktd/devdash/internal/ui/model.go:1739.21,1743.35 2 1
github.com/infktd/devdash/internal/ui/model.go:1743.35,1744.84 1 1
github.com/infktd/devdash/internal/ui/model.go:1744.84,1745.11 1 1
github.com/infktd/devdash/internal/ui/model.go:1747.5,1747.30 1 0
github.com/infktd/devdash/internal/ui/model.go:1751.4,1755.39 3 1
github.com/infktd/devdash/internal/ui/model.go:1755.39,1758.5 2 1
github.com/infktd/devdash/internal/ui/model.go:1760.20,1761.28 1 0
github.com/infktd/devdash/internal/ui/model.go:1761.28,1764.4 2 0
github.com/infktd/devdash/internal/ui/model.go:1765.16,1766.23 1 0
github.com/infktd/devdash/internal/ui/model.go:1768.2,1768.12 1 0
github.com/infktd/devdash/internal/ui/model.go:1771.36,1772.19 1 1
github.com/infktd/devdash/internal/ui/model.go:1773.19,1776.38 2 1
github.com/infktd/devdash/internal/ui/model.go:1776.38,1780.40 2 1
github.com/infktd/devdash/internal/ui/model.go:1780.40,1781.84 1 1
github.com/infktd/devdash/internal/ui/model.go:1781.84,1782.11 1 1
github.com/infktd/devdash/internal/ui/model.go:1784.5,1784.32 1 0
github.com/infktd/devdash/internal/ui/model.go:1788.4,1792.39 3 1
github.com/infktd/devdash/internal/ui/model.go:1792.39,1795.5 2 1
github.com/infktd/devdash/internal/ui/model.go:1797.20,1798.44 1 0
github.com/infktd/devdash/internal/ui/model.go:1798.44,1801.4 2 0
github.com/infktd/devdash/internal/ui/model.go:1802.16,1803.25 1 0
github.com/infktd/devdash/internal/ui/model.go:1805.2,1805.12 1 1
github.com/infktd/devdash/internal/ui/model.go:1809.31,1810.35 1 1
github.com/infktd/devdash/internal/ui/model.go:1810.35,1812.3 1 1
github.com/infktd/devdash/internal/ui/model.go:1815.2,1815.18 1 1
github.com/infktd/devdash/internal/ui/model.go:1815.18,1817.3 1 1
github.com/infktd/devdash/internal/ui/model.go:1820.2,1827.20 5 1
github.com/infktd/devdash/internal/ui/model.go:1827.20,1839.3 2 0
github.com/infktd/devdash/internal/ui/model.go:1842.2,1842.16 1 1
github.com/infktd/devdash/internal/ui/model.go:1842.16,1854.3 2 1
github.com/infktd/devdash/internal/ui/model.go:1857.2,1857.31 1 1
github.com/infktd/devdash/internal/ui/model.go:1857.31,1869.3 2 1
github.com/infktd/devdash/internal/ui/model.go:1872.2,1872.27 1 1
github.com/infktd/devdash/internal/ui/model.go:1872.27,1882.3 2 0
github.com/infktd/devdash/internal/ui/model.go:1884.2,1884.13 1 1
github.com/infktd/devdash/internal/ui/model.go:1887.39,1891.39 3 1
github.com/infktd/devdash/internal/ui/model.go:1891.39,1893.3 1 1
github.com/infktd/devdash/internal/ui/model.go:1896.2,1897.33 2 1
github.com/infktd/devdash/internal/ui/model.go:1897.33,1898.20 1 0
github.com/infktd/devdash/internal/ui/model.go:1898.20,1900.4 1 0
github.com/infktd/devdash/internal/ui/model.go:1902.2,1909.25 5 1
github.com/infktd/devdash/internal/ui/model.go:1909.25,1913.3 2 0
github.com/infktd/devdash/internal/ui/model.go:1915.2,1916.13 2 1
github.com/infktd/devdash/internal/ui/model.go:1916.13,1918.3 1 0
github.com/infktd/devdash/internal/ui/model.go:1920.2,1922.3 1 1
github.com/infktd/devdash/internal/ui/model.go:1925.37,1934.2 6 1
github.com/infktd/devdash/internal/ui/model.go:1936.57,1943.55 4 1
github.com/infktd/devdash/internal/ui/model.go:1943.55,1950.26 3 0
github.com/infktd/devdash/internal/ui/model.go:1950.26,1953.4 1 0
github.com/infktd/devdash/internal/ui/model.go:1953.9,1956.4 1 0
github.com/infktd/devdash/internal/ui/model.go:1957.3,1957.26 1 0
github.com/infktd/devdash/internal/ui/model.go:1961.2,1967.58 4 1
github.com/infktd/devdash/internal/ui/model.go:1967.58,1969.3 1 1
github.com/infktd/devdash/internal/ui/model.go:1970.2,1974.22 3 1
github.com/infktd/devdash/internal/ui/model.go:1974.22,1976.3 1 0
github.com/infktd/devdash/internal/ui/model.go:1978.2,1979.30 2 1
github.com/infktd/devdash/internal/ui/model.go:1979.30,1981.3 1 1
github.com/infktd/devdash/internal/ui/model.go:1983.2,1983.58 1 1
github.com/infktd/devdash/internal/ui/model.go:1986.72,1992.53 3 0
github.com/infktd/devdash/internal/ui/model.go:1992.53,1994.3 1 0
github.com/infktd/devdash/internal/ui/model.go:1994.8,1995.16 1 0
github.com/infktd/devdash/internal/ui/model.go:1996.30,1997.48 1 0
github.com/infktd/devdash/internal/ui/model.go:1998.31,1999.49 1 0
github.com/infktd/devdash/internal/ui/model.go:2000.27,2001.45 1 0
github.com/infktd/devdash/internal/ui/model.go:2002.28,2003.46 1 0
github.com/infktd/devdash/internal/ui/model.go:2004.30,2005.48 1 0
github.com/infktd/devdash/internal/ui/model.go:2009.2,2012.14 2 0
github.com/infktd/devdash/internal/ui/model.go:2012.14,2014.3 1 0
github.com/infktd/devdash/internal/ui/model.go:2016.2,2017.30 2 0
github.com/infktd/devdash/internal/ui/model.go:2017.30,2019.31 2 0
github.com/infktd/devdash/internal/ui/model.go:2019.31,2020.16 1 0
github.com/infktd/devdash/internal/ui/model.go:2020.16,2023.5 1 0
github.com/infktd/devdash/internal/ui/model.go:2023.10,2025.5 1 0
github.com/infktd/devdash/internal/ui/model.go:2026.9,2029.4 1 0
github.com/infktd/devdash/internal/ui/model.go:2030.8,2031.15 1 0
github.com/infktd/devdash/internal/ui/model.go:2031.15,2034.4 1 0
github.com/infktd/devdash/internal/ui/model.go:2034.9,2036.4 1 0
github.com/infktd/devdash/internal/ui/model.go:2039.2,2039.52 1 0
github.com/infktd/devdash/internal/ui/model.go:2042.54,2044.29 1 1
github.com/infktd/devdash/internal/ui/model.go:2044.29,2055.3 7 1
github.com/infktd/devdash/internal/ui/model.go:2055.8,2061.21 4 1
github.com/infktd/devdash/internal/ui/model.go:2061.21,2063.4 1 1
github.com/infktd/devdash/internal/ui/model.go:2063.9,2065.4 1 1
github.com/infktd/devdash/internal/ui/model.go:2067.3,2069.62 2 1
github.com/infktd/devdash/internal/ui/model.go:2073.58,2076.39 2 1
github.com/infktd/devdash/internal/ui/model.go:2076.39,2079.31 2 1
github.com/infktd/devdash/internal/ui/model.go:2079.31,2081.4 1 1
github.com/infktd/devdash/internal/ui/model.go:2082.3,2084.27 2 1
github.com/infktd/devdash/internal/ui/model.go:2084.27,2099.4 3 1
github.com/infktd/devdash/internal/ui/model.go:2099.9,2102.33 2 0
github.com/infktd/devdash/internal/ui/model.go:2102.33,2104.5 1 0
github.com/infktd/devdash/internal/ui/model.go:2104.10,2106.5 1 0
github.com/infktd/devdash/internal/ui/model.go:2109.4,2109.37 1 0
github.com/infktd/devdash/internal/ui/model.go:2111.8,2113.31 2 1
github.com/infktd/devdash/internal/ui/model.go:2113.31,2115.4 1 1
github.com/infktd/devdash/internal/ui/model.go:2116.3,2129.26 4 1
github.com/infktd/devdash/internal/ui/model.go:2132.2,2133.31 2 1
github.com/infktd/devdash/internal/ui/model.go:2133.31,2135.3 1 0
github.com/infktd/devdash/internal/ui/model.go:2137.2,2137.58 1 1
github.com/infktd/devdash/internal/ui/model.go:2140.58,2146.30 3 1
github.com/infktd/devdash/internal/ui/model.go:2146.30,2148.3 1 1
github.com/infktd/devdash/internal/ui/model.go:2148.8,2150.3 1 1
github.com/infktd/devdash/internal/ui/model.go:2153.2,2157.31 3 1
github.com/infktd/devdash/internal/ui/model.go:2157.31,2159.3 1 0
github.com/infktd/devdash/internal/ui/model.go:2161.2,2161.66 1 1
github.com/infktd/devdash/internal/ui/model.go:2164.54,2175.46 5 1
github.com/infktd/devdash/internal/ui/model.go:2175.46,2177.3 1 0
github.com/infktd/devdash/internal/ui/model.go:2177.8,2179.3 1 1
github.com/infktd/devdash/internal/ui/model.go:2181.2,2181.29 1 1
github.com/infktd/devdash/internal/ui/model.go:2181.29,2183.3 1 1
github.com/infktd/devdash/internal/ui/model.go:2186.2,2187.15 2 1
github.com/infktd/devdash/internal/ui/model.go:2187.15,2189.3 1 0
github.com/infktd/devdash/internal/ui/model.go:2192.2,2192.18 1 1
github.com/infktd/devdash/internal/ui/model.go:2192.18,2195.3 1 0
github.com/infktd/devdash/internal/ui/model.go:2195.8,2195.39 1 1
github.com/infktd/devdash/internal/ui/model.go:2195.39,2198.33 2 0
github.com/infktd/devdash/internal/ui/model.go:2198.33,2200.4 1 0
github.com/infktd/devdash/internal/ui/model.go:2200.9,2202.4 1 0
github.com/infktd/devdash/internal/ui/model.go:2203.3,2204.31 2 0
github.com/infktd/devdash/internal/ui/model.go:2204.31,2206.4 1 0
github.com/infktd/devdash/internal/ui/model.go:2206.9,2208.4 1 0
github.com/infktd/devdash/internal/ui/model.go:2212.2,2212.26 1 1
github.com/infktd/devdash/internal/ui/model.go:2212.26,2214.3 1 1
github.com/infktd/devdash/internal/ui/model.go:2214.8,2216.3 1 0
github.com/infktd/devdash/internal/ui/model.go:2218.2,2218.33 1 1
github.com/infktd/devdash/internal/ui/model.go:2218.33,2220.3 1 1
github.com/infktd/devdash/internal/ui/model.go:2220.8,2222.3 1 0
github.com/infktd/devdash/internal/ui/model.go:2224.2,2225.27 2 1
github.com/infktd/devdash/internal/ui/model.go:2225.27,2227.3 1 0
github.com/infktd/devdash/internal/ui/model.go:2229.2,2229.58 1 1
github.com/infktd/devdash/internal/ui/model.go:2233.51,2239.26 4 1
github.com/infktd/devdash/internal/ui/model.go:2239.26,2240.16 1 1
github.com/infktd/devdash/internal/ui/model.go:2240.16,2244.4 3 1
github.com/infktd/devdash/internal/ui/model.go:2244.9,2244.23 1 1
github.com/infktd/devdash/internal/ui/model.go:2244.23,2251.4 3 1
github.com/infktd/devdash/internal/ui/model.go:2251.9,2251.23 1 1
github.com/infktd/devdash/internal/ui/model.go:2251.23,2253.4 1 1
github.com/infktd/devdash/internal/ui/model.go:2253.9,2255.4 1 1
github.com/infktd/devdash/internal/ui/model.go:2258.2,2258.15 1 1
github.com/infktd/devdash/internal/ui/model.go:2262.39,2264.33 2 0
github.com/infktd/devdash/internal/ui/model.go:2264.33,2266.20 2 0
github.com/infktd/devdash/internal/ui/model.go:2266.20,2268.4 1 0
github.com/infktd/devdash/internal/ui/model.go:2268.9,2270.4 1 0
github.com/infktd/devdash/internal/ui/model.go:2273.3,2274.18 2 0
github.com/infktd/devdash/internal/ui/model.go:2274.18,2276.4 1 0
github.com/infktd/devdash/internal/ui/model.go:2278.3,2279.20 2 0
github.com/infktd/devdash/internal/ui/model.go:2279.20,2281.4 1 0
github.com/infktd/devdash/internal/ui/model.go:2283.3,2284.35 2 0
github.com/infktd/devdash/internal/ui/model.go:2284.35,2286.4 1 0
github.com/infktd/devdash/internal/ui/model.go:2288.3,2289.44 2 0
github.com/infktd/devdash/internal/ui/model.go:2289.44,2291.4 1 0
github.com/infktd/devdash/internal/ui/model.go:2291.9,2291.31 1 0
github.com/infktd/devdash/internal/ui/model.go:2291.31,2293.4 1 0
github.com/infktd/devdash/internal/ui/model.go:2296.3,2312.4 4 0
github.com/infktd/devdash/internal/ui/model.go:2314.2,2314.31 1 0
github.com/infktd/devdash/internal/ui/model.go:2319.92,2321.33 2 0
github.com/infktd/devdash/internal/ui/model.go:2321.33,2324.3 1 0
github.com/infktd/devdash/internal/ui/model.go:2327.2,2328.15 2 0
github.com/infktd/devdash/internal/ui/model.go:2328.15,2330.3 1 0
github.com/infktd/devdash/internal/ui/model.go:2330.8,2332.3 1 0
github.com/infktd/devdash/internal/ui/model.go:2336.2,2340.34 2 0
github.com/infktd/devdash/internal/ui/model.go:2345.65,2350.13 3 0
github.com/infktd/devdash/internal/ui/model.go:2350.13,2352.3 1 0
github.com/infktd/devdash/internal/ui/model.go:2355.2,2355.46 1 0
github.com/infktd/devdash/internal/ui/model.go:2355.46,2358.3 2 0
github.com/infktd/devdash/internal/ui/model.go:2360.2,2360.12 1 0
github.com/infktd/devdash/internal/ui/model.go:2365.47,2366.22 1 0
github.com/infktd/devdash/internal/ui/model.go:2366.22,2368.3 1 0
github.com/infktd/devdash/internal/ui/model.go:2371.2,2375.27 3 0
github.com/infktd/devdash/internal/ui/model.go:2375.27,2376.14 1 0
github.com/infktd/devdash/internal/ui/model.go:2376.14,2378.4 1 0
github.com/infktd/devdash/internal/ui/model.go:2379.3,2379.14 1 0
github.com/infktd/devdash/internal/ui/model.go:2379.14,2381.4 1 0
github.com/infktd/devdash/internal/ui/model.go:2385.2,2385.16 1 0
github.com/infktd/devdash/internal/ui/model.go:2385.16,2388.25 2 0
github.com/infktd/devdash/internal/ui/model.go:2388.25,2390.4 1 0
github.com/infktd/devdash/internal/ui/model.go:2391.3,2391.24 1 0
github.com/infktd/devdash/internal/ui/model.go:2395.2,2396.27 2 0
github.com/infktd/devdash/internal/ui/model.go:2396.27,2399.32 3 0
github.com/infktd/devdash/internal/ui/model.go:2399.32,2401.4 1 0
github.com/infktd/devdash/internal/ui/model.go:2402.3,2402.33 1 0
github.com/infktd/devdash/internal/ui/model.go:2405.2,2405.23 1 0
github.com/infktd/devdash/internal/ui/model.go:2409.51,2410.22 1 0
github.com/infktd/devdash/internal/ui/model.go:2410.22,2412.3 1 0
github.com/infktd/devdash/internal/ui/model.go:2415.2,2416.27 2 0
github.com/infktd/devdash/internal/ui/model.go:2416.27,2418.3 1 0
github.com/infktd/devdash/internal/ui/model.go:2420.2,2420.37 1 0
github.com/infktd/devdash/internal/ui/model.go:2425.78,2428.69 2 0
github.com/infktd/devdash/internal/ui/model.go:2428.69,2430.3 1 0
github.com/infktd/devdash/internal/ui/model.go:2433.2,2435.28 3 0
github.com/infktd/devdash/internal/ui/model.go:2435.28,2437.3 1 0
github.com/infktd/devdash/internal/ui/model.go:2440.2,2452.32 8 0
github.com/infktd/devdash/internal/ui/model.go:2452.32,2453.22 1 0
github.com/infktd/devdash/internal/ui/model.go:2453.22,2455.23 2 0
github.com/infktd/devdash/internal/ui/model.go:2455.23,2457.5 1 0
github.com/infktd/devdash/internal/ui/model.go:2458.4,2460.44 3 0
github.com/infktd/devdash/internal/ui/model.go:2461.9,2464.4 2 0
github.com/infktd/devdash/internal/ui/model.go:2466.2,2470.21 3 0
github.com/infktd/devdash/internal/ui/model.go:2470.21,2472.3 1 0
github.com/infktd/devdash/internal/ui/model.go:2475.2,2478.99 3 0
github.com/infktd/devdash/internal/ui/model.go:2483.85,2484.16 1 0
[...]
github.com/infktd/devdash/internal/ui/model.go:2587.13,2591.3 1 1
github.com/infktd/devdash/internal/ui/model.go:2591.8,2594.3 1 1
github.com/infktd/devdash/internal/ui/model.go:2596.2,2596.54 1 1
github.com/infktd/devdash/internal/ui/model.go:2599.39,2601.19 2 1
github.com/infktd/devdash/internal/ui/model.go:2602.19,2605.40 2 1
github.com/infktd/devdash/internal/ui/model.go:2605.40,2608.4 2 1
github.com/infktd/devdash/internal/ui/model.go:2609.3,2609.14 1 1
github.com/infktd/devdash/internal/ui/model.go:2609.14,2611.4 1 0
github.com/infktd/devdash/internal/ui/model.go:2611.9,2613.4 1 1
github.com/infktd/devdash/internal/ui/model.go:2614.20,2615.109 1 0
github.com/infktd/devdash/internal/ui/model.go:2616.16,2617.19 1 0
github.com/infktd/devdash/internal/ui/model.go:2617.19,2619.4 1 0
github.com/infktd/devdash/internal/ui/model.go:2619.9,2619.40 1 0
github.com/infktd/devdash/internal/ui/model.go:2619.40,2621.4 1 0
github.com/infktd/devdash/internal/ui/model.go:2621.9,2623.4 1 0
github.com/infktd/devdash/internal/ui/model.go:2627.2,2631.26 2 1
github.com/infktd/devdash/internal/ui/model.go:2635.38,2642.9 2 1
github.com/infktd/devdash/internal/ui/model.go:2643.19,2644.49 1 1
github.com/infktd/devdash/internal/ui/model.go:2645.19,2646.49 1 1
github.com/infktd/devdash/internal/ui/model.go:2647.19,2648.49 1 1
github.com/infktd/devdash/internal/ui/model.go:2649.10,2650.35 1 1
github.com/infktd/devdash/internal/ui/model.go:2655.45,2656.21 1 1
github.com/infktd/devdash/internal/ui/model.go:2656.21,2658.3 1 1
github.com/infktd/devdash/internal/ui/model.go:2659.2,2659.19 1 1
github.com/infktd/devdash/internal/ui/model.go:2659.19,2661.3 1 1
github.com/infktd/devdash/internal/ui/model.go:2662.2,2662.22 1 1
github.com/infktd/devdash/internal/ui/model.go:2662.22,2665.15 3 1
github.com/infktd/devdash/internal/ui/model.go:2665.15,2667.4 1 1
github.com/infktd/devdash/internal/ui/model.go:2668.3,2668.35 1 1
github.com/infktd/devdash/internal/ui/model.go:2670.2,2672.15 3 1
github.com/infktd/devdash/internal/ui/model.go:2672.15,2674.3 1 1
github.com/infktd/devdash/internal/ui/model.go:2675.2,2675.33 1 1
github.com/infktd/devdash/internal/ui/model.go:2680.46,2683.16 2 1
github.com/infktd/devdash/internal/ui/model.go:2683.16,2685.23 1 1
github.com/infktd/devdash/internal/ui/model.go:2685.23,2687.4 1 0
github.com/infktd/devdash/internal/ui/model.go:2688.3,2688.17 1 1
github.com/infktd/devdash/internal/ui/model.go:2690.2,2690.26 1 1
github.com/infktd/devdash/internal/ui/model.go:2700.73,2702.2 1 1
github.com/infktd/devdash/internal/ui/model.go:2704.40,2704.52 1 1
github.com/infktd/devdash/internal/ui/model.go:2705.41,2708.2 1 1
github.com/infktd/devdash/internal/ui/model.go:2709.70,2709.84 1 1
github.com/infktd/devdash/internal/ui/model.go:2711.88,2713.52 1 1
github.com/infktd/devdash/internal/ui/model.go:2713.52,2721.3 4 1
github.com/infktd/devdash/internal/ui/model.go:2723.2,2724.9 2 1
github.com/infktd/devdash/internal/ui/model.go:2724.9,2726.3 1 0
github.com/infktd/devdash/internal/ui/model.go:2729.2,2731.98 3 1
github.com/infktd/devdash/internal/ui/model.go:2731.98,2735.3 2 0
github.com/infktd/devdash/internal/ui/model.go:2735.8,2736.25 1 1
github.com/infktd/devdash/internal/ui/model.go:2737.30,2738.48 1 0
github.com/infktd/devdash/internal/ui/model.go:2739.31,2740.49 1 0
github.com/infktd/devdash/internal/ui/model.go:2741.27,2742.45 1 1
github.com/infktd/devdash/internal/ui/model.go:2743.28,2744.46 1 0
github.com/infktd/devdash/internal/ui/model.go:2745.30,2746.48 1 0
github.com/infktd/devdash/internal/ui/model.go:2750.2,2751.29 2 1
github.com/infktd/devdash/internal/ui/model.go:2751.29,2753.3 1 0
github.com/infktd/devdash/internal/ui/model.go:2757.2,2758.20 2 1
github.com/infktd/devdash/internal/ui/model.go:2758.20,2761.3 2 1
github.com/infktd/devdash/internal/ui/model.go:2761.8,2764.3 1 0
github.com/infktd/devdash/internal/ui/model.go:2765.2,2766.16 2 1
github.com/infktd/devdash/internal/ui/model.go:2766.16,2769.3 2 1
github.com/infktd/devdash/internal/ui/model.go:2769.8,2770.30 1 0
github.com/infktd/devdash/internal/ui/model.go:2770.30,2772.4 1 0
github.com/infktd/devdash/internal/ui/model.go:2772.9,2774.4 1 0
github.com/infktd/devdash/internal/ui/model.go:2778.2,2778.26 1 1
github.com/infktd/devdash/internal/ui/model.go:2778.26,2780.3 1 0
github.com/infktd/devdash/internal/ui/model.go:2780.8,2782.3 1 1
github.com/infktd/devdash/internal/ui/packages.go:21.52,28.2 1 1
github.com/infktd/devdash/internal/ui/packages.go:31.62,33.2 1 1
github.com/infktd/devdash/internal/ui/packages.go:36.52,39.2 2 1
github.com/infktd/devdash/internal/ui/packages.go:42.50,44.2 1 1
github.com/infktd/devdash/internal/ui/packages.go:47.55,49.2 1 1
github.com/infktd/devdash/internal/ui/packages.go:52.39,53.37 1 1
github.com/infktd/devdash/internal/ui/packages.go:53.37,55.3 1 0
github.com/infktd/devdash/internal/ui/packages.go:58.2,59.26 2 1
github.com/infktd/devdash/internal/ui/packages.go:59.26,61.3 1 1
github.com/infktd/devdash/internal/ui/packages.go:62.2,63.16 2 1
github.com/infktd/devdash/internal/ui/packages.go:63.16,67.3 1 0
github.com/infktd/devdash/internal/ui/packages.go:67.8,70.3 1 1
github.com/infktd/devdash/internal/ui/packages.go:71.2,74.27 2 1
github.com/infktd/devdash/internal/ui/packages.go:74.27,85.3 3 1
github.com/infktd/devdash/internal/ui/packages.go:88.2,99.55 7 1
github.com/infktd/devdash/internal/ui/packages.go:103.54,113.2 5 1
github.com/infktd/devdash/internal/ui/packages.go:116.54,121.17 3 1
github.com/infktd/devdash/internal/ui/packages.go:121.17,123.3 1 0
github.com/infktd/devdash/internal/ui/packages.go:125.2,125.55 1 1
github.com/infktd/devdash/internal/ui/packages.go:125.55,130.21 3 1
github.com/infktd/devdash/internal/ui/packages.go:130.21,132.4 1 0
github.com/infktd/devdash/internal/ui/packages.go:134.3,135.20 2 1
github.com/infktd/devdash/internal/ui/packages.go:135.20,137.4 1 0
github.com/infktd/devdash/internal/ui/packages.go:138.3,138.24 1 1
github.com/infktd/devdash/internal/ui/packages.go:138.24,140.4 1 0
github.com/infktd/devdash/internal/ui/packages.go:142.3,143.20 2 1
github.com/infktd/devdash/internal/ui/packages.go:143.20,145.4 1 0
github.com/infktd/devdash/internal/ui/packages.go:147.3,152.27 5 1
github.com/infktd/devdash/internal/ui/packages.go:155.2,155.13 1 1
github.com/infktd/devdash/internal/ui/progress.go:19.61,25.2 1 1
github.com/infktd/devdash/internal/ui/progress.go:28.50,29.15 1 1
github.com/infktd/devdash/internal/ui/progress.go:29.15,31.3 1 1
github.com/infktd/devdash/internal/ui/progress.go:32.2,32.15 1 1
github.com/infktd/devdash/internal/ui/progress.go:32.15,34.3 1 1
github.com/infktd/devdash/internal/ui/progress.go:35.2,35.20 1 1
github.com/infktd/devdash/internal/ui/progress.go:39.46,41.2 1 1
github.com/infktd/devdash/internal/ui/progress.go:44.43,46.2 1 1
github.com/infktd/devdash/internal/ui/progress.go:49.52,51.2 1 1
github.com/infktd/devdash/internal/ui/progress.go:54.42,56.2 1 1
github.com/infktd/devdash/internal/ui/progress.go:59.37,62.15 2 1
github.com/infktd/devdash/internal/ui/progress.go:62.15,64.3 1 1
github.com/infktd/devdash/internal/ui/progress.go:66.2,67.19 2 1
github.com/infktd/devdash/internal/ui/progress.go:67.19,69.3 1 0
github.com/infktd/devdash/internal/ui/progress.go:72.2,73.23 2 1
github.com/infktd/devdash/internal/ui/progress.go:73.23,75.3 1 0
github.com/infktd/devdash/internal/ui/progress.go:78.2,86.21 6 1
github.com/infktd/devdash/internal/ui/progress.go:86.22,88.3 0 0
github.com/infktd/devdash/internal/ui/progress.go:90.2,96.15 4 1
github.com/infktd/devdash/internal/ui/progress.go:96.15,100.3 3 1
github.com/infktd/devdash/internal/ui/progress.go:103.2,103.19 1 1
github.com/infktd/devdash/internal/ui/progress.go:103.19,106.3 2 1
github.com/infktd/devdash/internal/ui/progress.go:108.2,108.12 1 1
github.com/infktd/devdash/internal/ui/progress.go:112.35,114.29 2 1
github.com/infktd/devdash/internal/ui/progress.go:114.29,116.3 1 1
github.com/infktd/devdash/internal/ui/progress.go:117.2,119.38 3 1
github.com/infktd/devdash/internal/ui/progress.go:119.38,122.3 2 1
github.com/infktd/devdash/internal/ui/progress.go:123.2,123.19 1 1
github.com/infktd/devdash/internal/ui/progress.go:133.28,137.2 1 1
github.com/infktd/devdash/internal/ui/progress.go:140.34,144.2 3 1
github.com/infktd/devdash/internal/ui/progress.go:147.27,149.2 1 1
github.com/infktd/devdash/internal/ui/settings.go:75.93,85.2 4 1
github.com/infktd/devdash/internal/ui/settings.go:88.44,95.2 6 1
github.com/infktd/devdash/internal/ui/settings.go:98.45,105.2 6 1
github.com/infktd/devdash/internal/ui/settings.go:108.40,113.33 1 1
github.com/infktd/devdash/internal/ui/settings.go:113.33,115.5 1 1
github.com/infktd/devdash/internal/ui/settings.go:116.34,118.5 1 1
github.com/infktd/devdash/internal/ui/settings.go:130.33,132.5 1 1
github.com/infktd/devdash/internal/ui/settings.go:133.34,135.5 1 1
github.com/infktd/devdash/internal/ui/settings.go:144.33,146.5 1 1
github.com/infktd/devdash/internal/ui/settings.go:147.34,149.5 1 0
github.com/infktd/devdash/internal/ui/settings.go:164.33,166.5 1 1
github.com/infktd/devdash/internal/ui/settings.go:167.34,169.5 1 1
github.com/infktd/devdash/internal/ui/settings.go:174.33,176.5 1 1
github.com/infktd/devdash/internal/ui/settings.go:177.34,179.5 1 0
github.com/infktd/devdash/internal/ui/settings.go:184.33,186.5 1 1
github.com/infktd/devdash/internal/ui/settings.go:187.34,189.5 1 0
github.com/infktd/devdash/internal/ui/settings.go:203.41,209.2 5 1
github.com/infktd/devdash/internal/ui/settings.go:212.33,214.2 1 1
github.com/infktd/devdash/internal/ui/settings.go:217.43,219.2 1 1
github.com/infktd/devdash/internal/ui/settings.go:222.53,225.2 2 1
github.com/infktd/devdash/internal/ui/settings.go:228.35,231.2 2 1
github.com/infktd/devdash/internal/ui/settings.go:234.72,235.17 1 1
github.com/infktd/devdash/internal/ui/settings.go:235.17,237.3 1 1
github.com/infktd/devdash/internal/ui/settings.go:239.2,240.9 2 1
github.com/infktd/devdash/internal/ui/settings.go:240.9,242.3 1 1
github.com/infktd/devdash/internal/ui/settings.go:245.2,245.17 1 1
github.com/infktd/devdash/internal/ui/settings.go:245.17,247.3 1 1
github.com/infktd/devdash/internal/ui/settings.go:250.2,250.40 1 1
github.com/infktd/devdash/internal/ui/settings.go:254.89,255.22 1 1
github.com/infktd/devdash/internal/ui/settings.go:256.17,257.27 1 1
github.com/infktd/devdash/internal/ui/settings.go:257.27,259.4 1 1
github.com/infktd/devdash/internal/ui/settings.go:261.19,262.42 1 1
github.com/infktd/devdash/internal/ui/settings.go:262.42,264.4 1 1
github.com/infktd/devdash/internal/ui/settings.go:266.15,267.36 1 1
github.com/infktd/devdash/internal/ui/settings.go:269.13,271.17 2 1
github.com/infktd/devdash/internal/ui/settings.go:274.2,274.16 1 1
github.com/infktd/devdash/internal/ui/settings.go:278.83,281.22 2 1
github.com/infktd/devdash/internal/ui/settings.go:282.19,283.28 1 1
github.com/infktd/devdash/internal/ui/settings.go:285.20,286.28 1 1
github.com/infktd/devdash/internal/ui/settings.go:288.15,290.22 1 1
github.com/infktd/devdash/internal/ui/settings.go:292.13,294.22 1 1
github.com/infktd/devdash/internal/ui/settings.go:297.2,297.16 1 1
github.com/infktd/devdash/internal/ui/settings.go:301.76,304.20 2 1
github.com/infktd/devdash/internal/ui/settings.go:305.19,308.32 2 1
github.com/infktd/devdash/internal/ui/settings.go:310.19,312.21 1 1
github.com/infktd/devdash/internal/ui/settings.go:314.19,315.28 1 1
github.com/infktd/devdash/internal/ui/settings.go:315.28,317.4 1 1
github.com/infktd/devdash/internal/ui/settings.go:317.9,317.37 1 1
github.com/infktd/devdash/internal/ui/settings.go:317.37,319.4 1 1
github.com/infktd/devdash/internal/ui/settings.go:322.2,322.16 1 1
github.com/infktd/devdash/internal/ui/settings.go:326.65,334.16 4 1
github.com/infktd/devdash/internal/ui/settings.go:334.16,336.29 1 0
github.com/infktd/devdash/internal/ui/settings.go:336.29,338.4 1 0
github.com/infktd/devdash/internal/ui/settings.go:342.2,343.28 2 1
github.com/infktd/devdash/internal/ui/settings.go:343.28,345.3 1 1
github.com/infktd/devdash/internal/ui/settings.go:349.62,353.36 3 1
github.com/infktd/devdash/internal/ui/settings.go:353.36,354.32 1 1
github.com/infktd/devdash/internal/ui/settings.go:354.32,356.9 2 1
github.com/infktd/devdash/internal/ui/settings.go:360.2,360.20 1 1
github.com/infktd/devdash/internal/ui/settings.go:360.20,362.3 1 1
github.com/infktd/devdash/internal/ui/settings.go:362.8,365.3 1 1
github.com/infktd/devdash/internal/ui/settings.go:369.62,373.36 3 1
github.com/infktd/devdash/internal/ui/settings.go:373.36,374.32 1 1
github.com/infktd/devdash/internal/ui/settings.go:374.32,376.9 2 1
github.com/infktd/devdash/internal/ui/settings.go:380.2,380.39 1 1
github.com/infktd/devdash/internal/ui/settings.go:380.39,382.3 1 1
github.com/infktd/devdash/internal/ui/settings.go:382.8,385.3 1 1
github.com/infktd/devdash/internal/ui/settings.go:389.40,390.17 1 1
github.com/infktd/devdash/internal/ui/settings.go:390.17,392.3 1 1
github.com/infktd/devdash/internal/ui/settings.go:395.2,403.35 3 1
github.com/infktd/devdash/internal/ui/settings.go:407.49,417.34 6 1
github.com/infktd/devdash/internal/ui/settings.go:417.34,420.3 2 1
github.com/infktd/devdash/internal/ui/settings.go:423.2,427.55 4 1
github.com/infktd/devdash/internal/ui/settings.go:431.74,433.29 2 1
github.com/infktd/devdash/internal/ui/settings.go:433.29,435.3 1 1
github.com/infktd/devdash/internal/ui/settings.go:437.2,438.20 2 1
github.com/infktd/devdash/internal/ui/settings.go:439.19,441.12 2 1
github.com/infktd/devdash/internal/ui/settings.go:441.12,443.4 1 1
github.com/infktd/devdash/internal/ui/settings.go:443.9,445.4 1 0
github.com/infktd/devdash/internal/ui/settings.go:447.19,450.37 2 1
github.com/infktd/devdash/internal/ui/settings.go:450.37,451.26 1 1
github.com/infktd/devdash/internal/ui/settings.go:451.26,452.47 1 1
github.com/infktd/devdash/internal/ui/settings.go:452.47,455.6 1 0
github.com/infktd/devdash/internal/ui/settings.go:455.11,457.6 1 1
github.com/infktd/devdash/internal/ui/settings.go:458.5,458.10 1 1
github.com/infktd/devdash/internal/ui/settings.go:462.19,465.30 2 1
github.com/infktd/devdash/internal/ui/settings.go:465.30,467.4 1 0
github.com/infktd/devdash/internal/ui/settings.go:468.3,468.21 1 1
github.com/infktd/devdash/internal/ui/settings.go:476.2,478.17 3 1
github.com/infktd/devdash/internal/ui/settings.go:478.17,480.3 1 0
github.com/infktd/devdash/internal/ui/settings.go:483.2,484.58 2 1
github.com/infktd/devdash/internal/ui/settings.go:484.58,486.3 1 1
github.com/infktd/devdash/internal/ui/settings.go:489.2,491.13 2 1
github.com/infktd/devdash/internal/ui/settings.go:495.99,498.36 2 0
github.com/infktd/devdash/internal/ui/settings.go:498.36,499.32 1 0
github.com/infktd/devdash/internal/ui/settings.go:499.32,501.4 1 0
github.com/infktd/devdash/internal/ui/settings.go:501.9,503.4 1 0
github.com/infktd/devdash/internal/ui/settings.go:505.2,505.33 1 0
github.com/infktd/devdash/internal/ui/settings.go:509.47,510.17 1 1
github.com/infktd/devdash/internal/ui/settings.go:510.17,512.3 1 0
github.com/infktd/devdash/internal/ui/settings.go:513.2,513.57 1 1
github.com/infktd/devdash/internal/ui/splash.go:64.71,74.2 1 1
github.com/infktd/devdash/internal/ui/splash.go:77.47,78.11 1 1
github.com/infktd/devdash/internal/ui/splash.go:78.11,80.3 1 1
github.com/infktd/devdash/internal/ui/splash.go:81.2,81.11 1 1
github.com/infktd/devdash/internal/ui/splash.go:81.11,83.3 1 1
github.com/infktd/devdash/internal/ui/splash.go:84.2,84.16 1 1
github.com/infktd/devdash/internal/ui/splash.go:88.47,90.2 1 1
github.com/infktd/devdash/internal/ui/splash.go:93.48,95.2 1 1
github.com/infktd/devdash/internal/ui/splash.go:99.55,100.42 1 1
github.com/infktd/devdash/internal/ui/splash.go:100.42,102.3 1 1
github.com/infktd/devdash/internal/ui/splash.go:106.34,108.2 1 1
github.com/infktd/devdash/internal/ui/splash.go:111.31,113.2 1 1
github.com/infktd/devdash/internal/ui/splash.go:116.31,118.2 1 1
github.com/infktd/devdash/internal/ui/splash.go:121.41,123.2 1 1
github.com/infktd/devdash/internal/ui/splash.go:126.51,129.2 2 1
github.com/infktd/devdash/internal/ui/splash.go:132.38,133.16 1 1
github.com/infktd/devdash/internal/ui/splash.go:133.16,135.3 1 1
github.com/infktd/devdash/internal/ui/splash.go:138.2,140.21 3 1
github.com/infktd/devdash/internal/ui/splash.go:140.21,143.3 2 1
github.com/infktd/devdash/internal/ui/splash.go:146.2,182.39 10 1
github.com/infktd/devdash/internal/ui/splash.go:185.51,193.21 6 1
github.com/infktd/devdash/internal/ui/splash.go:193.21,198.3 3 1
github.com/infktd/devdash/internal/ui/splash.go:201.2,211.32 6 1
github.com/infktd/devdash/internal/ui/splash.go:211.32,212.17 1 1
github.com/infktd/devdash/internal/ui/splash.go:212.17,215.18 2 1
github.com/infktd/devdash/internal/ui/splash.go:215.18,217.5 1 1
github.com/infktd/devdash/internal/ui/splash.go:220.4,224.42 3 1
github.com/infktd/devdash/internal/ui/splash.go:224.42,226.20 2 1
github.com/infktd/devdash/internal/ui/splash.go:226.20,228.6 1 0
github.com/infktd/devdash/internal/ui/splash.go:229.5,229.30 1 1
github.com/infktd/devdash/internal/ui/splash.go:233.4,234.54 2 1
github.com/infktd/devdash/internal/ui/splash.go:235.9,239.4 2 1
github.com/infktd/devdash/internal/ui/splash.go:242.2,249.24 5 1
github.com/infktd/devdash/internal/ui/splash.go:253.31,255.2 1 1
github.com/infktd/devdash/internal/ui/splash.go:258.43,260.2 1 1
github.com/infktd/devdash/internal/ui/splash.go:263.41,265.2 1 1
github.com/infktd/devdash/internal/ui/styles.go:43.37,135.2 1 1
github.com/infktd/devdash/internal/ui/theme.go:117.34,118.35 1 1
github.com/infktd/devdash/internal/ui/theme.go:118.35,120.3 1 1
github.com/infktd/devdash/internal/ui/theme.go:121.2,121.25 1 1
github.com/infktd/devdash/internal/ui/toast.go:40.63,45.2 1 1
github.com/infktd/devdash/internal/ui/toast.go:48.84,58.2 4 1
github.com/infktd/devdash/internal/ui/toast.go:61.35,64.2 2 1
github.com/infktd/devdash/internal/ui/toast.go:67.42,69.2 1 1
github.com/infktd/devdash/internal/ui/toast.go:72.42,74.2 1 1
github.com/infktd/devdash/internal/ui/toast.go:77.39,78.21 1 1
github.com/infktd/devdash/internal/ui/toast.go:78.21,80.3 1 1
github.com/infktd/devdash/internal/ui/toast.go:82.2,88.22 4 1
github.com/infktd/devdash/internal/ui/toast.go:88.22,89.22 1 1
github.com/infktd/devdash/internal/ui/toast.go:90.18,92.37 2 1
github.com/infktd/devdash/internal/ui/toast.go:93.21,95.37 2 1
github.com/infktd/devdash/internal/ui/toast.go:96.18,98.37 2 1
github.com/infktd/devdash/internal/ui/toast.go:99.19,101.37 2 1
github.com/infktd/devdash/internal/ui/toast.go:102.11,104.35 2 0
github.com/infktd/devdash/internal/ui/toast.go:110.2,111.19 2 1
github.com/infktd/devdash/internal/ui/toast.go:111.19,113.3 1 1
github.com/infktd/devdash/internal/ui/toast.go:114.2,114.20 1 1
github.com/infktd/devdash/internal/ui/toast.go:114.20,116.3 1 1
github.com/infktd/devdash/internal/ui/toast.go:117.2,120.33 3 1
github.com/infktd/devdash/internal/ui/toast.go:120.33,122.3 1 1
github.com/infktd/devdash/internal/ui/toast.go:124.2,128.22 3 1
github.com/infktd/devdash/internal/ui/toast.go:128.22,134.3 4 1
github.com/infktd/devdash/internal/ui/toast.go:137.2,141.30 2 1
github.com/infktd/devdash/internal/ui/toast.go:148.43,149.66 1 1
github.com/infktd/devdash/internal/ui/toast.go:149.66,151.3 1 0
github.com/infktd/devdash/internal/ui/toast.go:155.70,156.20 1 1
github.com/infktd/devdash/internal/ui/toast.go:157.20,158.42 1 1
github.com/infktd/devdash/internal/ui/toast.go:158.42,166.32 6 1
github.com/infktd/devdash/internal/ui/toast.go:166.32,169.5 1 1
github.com/infktd/devdash/internal/ui/toast.go:169.10,169.55 1 1
github.com/infktd/devdash/internal/ui/toast.go:169.55,172.5 1 1
github.com/infktd/devdash/internal/ui/toast.go:172.10,172.38 1 1
github.com/infktd/devdash/internal/ui/toast.go:172.38,176.5 2 1
github.com/infktd/devdash/internal/ui/toast.go:176.10,180.5 2 1
github.com/infktd/devdash/internal/ui/toast.go:183.4,183.27 1 1
github.com/infktd/devdash/internal/ui/toast.go:186.2,186.16 1 0
